1509264044173	geckodriver	INFO	geckodriver 0.18.0
1509264044181	geckodriver	INFO	Listening on 127.0.0.1:5601
1509264046241	geckodriver::marionette	INFO	Starting browser C:\Program Files (x86)\Mozilla Firefox\firefox.exe with args ["-marionette"]
1509264046401	addons.manager	DEBUG	Application has been upgraded
1509264046424	addons.manager	DEBUG	Loaded provider scope for resource://gre/modules/addons/XPIProvider.jsm: ["XPIProvider", "XPIInternal"]
1509264046427	addons.manager	DEBUG	Loaded provider scope for resource://gre/modules/LightweightThemeManager.jsm: ["LightweightThemeManager"]
1509264046452	addons.manager	DEBUG	Loaded provider scope for resource://gre/modules/addons/GMPProvider.jsm
1509264046455	addons.manager	DEBUG	Loaded provider scope for resource://gre/modules/addons/PluginProvider.jsm
1509264046455	addons.manager	DEBUG	Starting provider: XPIProvider
1509264046455	addons.xpi	DEBUG	startup
1509264046456	addons.xpi	INFO	SystemAddonInstallLocation directory is missing
1509264046456	addons.xpi	INFO	Removing all system add-on upgrades.
1509264046457	addons.xpi	DEBUG	checkForChanges
1509264046457	addons.xpi	WARN	Error parsing extensions state: [Exception... "Component returned failure code: 0x80520012 (NS_ERROR_FILE_NOT_FOUND) [amIAddonManagerStartup.readStartupData]"  nsresult: "0x80520012 (NS_ERROR_FILE_NOT_FOUND)"  location: "JS frame :: resource://gre/modules/addons/XPIProvider.jsm :: loadExtensionState :: line 1554"  data: no] Stack trace: loadExtensionState()@resource://gre/modules/addons/XPIProvider.jsm:1554 < getInstallState()@resource://gre/modules/addons/XPIProvider.jsm:1589 < checkForChanges()@resource://gre/modules/addons/XPIProvider.jsm:3109 < startup()@resource://gre/modules/addons/XPIProvider.jsm:2188 < callProvider()@resource://gre/modules/AddonManager.jsm:269 < _startProvider()@resource://gre/modules/AddonManager.jsm:739 < startup()@resource://gre/modules/AddonManager.jsm:906 < startup()@resource://gre/modules/AddonManager.jsm:3090 < observe()@jar:file:///C:/Program%20Files%20(x86)/Mozilla%20Firefox/omni.ja!/components/addonManager.js:65
1509264046459	addons.xpi	DEBUG	Loaded add-on state: ${}
1509264046460	addons.xpi	INFO	Mapping activity-stream@mozilla.org to C:\Program Files (x86)\Mozilla Firefox\browser\features\activity-stream@mozilla.org.xpi
1509264046461	addons.xpi	INFO	Mapping aushelper@mozilla.org to C:\Program Files (x86)\Mozilla Firefox\browser\features\aushelper@mozilla.org.xpi
1509264046461	addons.xpi	INFO	Mapping clicktoplay-rollout@mozilla.org to C:\Program Files (x86)\Mozilla Firefox\browser\features\clicktoplay-rollout@mozilla.org.xpi
1509264046461	addons.xpi	INFO	Mapping e10srollout@mozilla.org to C:\Program Files (x86)\Mozilla Firefox\browser\features\e10srollout@mozilla.org.xpi
1509264046461	addons.xpi	INFO	Mapping firefox@getpocket.com to C:\Program Files (x86)\Mozilla Firefox\browser\features\firefox@getpocket.com.xpi
1509264046461	addons.xpi	INFO	Mapping followonsearch@mozilla.com to C:\Program Files (x86)\Mozilla Firefox\browser\features\followonsearch@mozilla.com.xpi
1509264046462	addons.xpi	INFO	Mapping formautofill@mozilla.org to C:\Program Files (x86)\Mozilla Firefox\browser\features\formautofill@mozilla.org.xpi
1509264046462	addons.xpi	INFO	Mapping onboarding@mozilla.org to C:\Program Files (x86)\Mozilla Firefox\browser\features\onboarding@mozilla.org.xpi
1509264046462	addons.xpi	INFO	Mapping screenshots@mozilla.org to C:\Program Files (x86)\Mozilla Firefox\browser\features\screenshots@mozilla.org.xpi
1509264046462	addons.xpi	INFO	Mapping shield-recipe-client@mozilla.org to C:\Program Files (x86)\Mozilla Firefox\browser\features\shield-recipe-client@mozilla.org.xpi
1509264046463	addons.xpi	INFO	Mapping webcompat@mozilla.org to C:\Program Files (x86)\Mozilla Firefox\browser\features\webcompat@mozilla.org.xpi
1509264046463	addons.xpi	DEBUG	New add-on activity-stream@mozilla.org in app-system-defaults
1509264046463	addons.xpi	INFO	Mapping activity-stream@mozilla.org to C:\Program Files (x86)\Mozilla Firefox\browser\features\activity-stream@mozilla.org.xpi
1509264046464	addons.xpi	DEBUG	New add-on aushelper@mozilla.org in app-system-defaults
1509264046464	addons.xpi	INFO	Mapping aushelper@mozilla.org to C:\Program Files (x86)\Mozilla Firefox\browser\features\aushelper@mozilla.org.xpi
1509264046465	addons.xpi	DEBUG	New add-on clicktoplay-rollout@mozilla.org in app-system-defaults
1509264046465	addons.xpi	INFO	Mapping clicktoplay-rollout@mozilla.org to C:\Program Files (x86)\Mozilla Firefox\browser\features\clicktoplay-rollout@mozilla.org.xpi
1509264046465	addons.xpi	DEBUG	New add-on e10srollout@mozilla.org in app-system-defaults
1509264046465	addons.xpi	INFO	Mapping e10srollout@mozilla.org to C:\Program Files (x86)\Mozilla Firefox\browser\features\e10srollout@mozilla.org.xpi
1509264046466	addons.xpi	DEBUG	New add-on firefox@getpocket.com in app-system-defaults
1509264046466	addons.xpi	INFO	Mapping firefox@getpocket.com to C:\Program Files (x86)\Mozilla Firefox\browser\features\firefox@getpocket.com.xpi
1509264046466	addons.xpi	DEBUG	New add-on followonsearch@mozilla.com in app-system-defaults
1509264046466	addons.xpi	INFO	Mapping followonsearch@mozilla.com to C:\Program Files (x86)\Mozilla Firefox\browser\features\followonsearch@mozilla.com.xpi
1509264046466	addons.xpi	DEBUG	New add-on formautofill@mozilla.org in app-system-defaults
1509264046466	addons.xpi	INFO	Mapping formautofill@mozilla.org to C:\Program Files (x86)\Mozilla Firefox\browser\features\formautofill@mozilla.org.xpi
1509264046467	addons.xpi	DEBUG	New add-on onboarding@mozilla.org in app-system-defaults
1509264046467	addons.xpi	INFO	Mapping onboarding@mozilla.org to C:\Program Files (x86)\Mozilla Firefox\browser\features\onboarding@mozilla.org.xpi
1509264046467	addons.xpi	DEBUG	New add-on screenshots@mozilla.org in app-system-defaults
1509264046467	addons.xpi	INFO	Mapping screenshots@mozilla.org to C:\Program Files (x86)\Mozilla Firefox\browser\features\screenshots@mozilla.org.xpi
1509264046467	addons.xpi	DEBUG	New add-on shield-recipe-client@mozilla.org in app-system-defaults
1509264046467	addons.xpi	INFO	Mapping shield-recipe-client@mozilla.org to C:\Program Files (x86)\Mozilla Firefox\browser\features\shield-recipe-client@mozilla.org.xpi
1509264046468	addons.xpi	DEBUG	New add-on webcompat@mozilla.org in app-system-defaults
1509264046468	addons.xpi	INFO	Mapping webcompat@mozilla.org to C:\Program Files (x86)\Mozilla Firefox\browser\features\webcompat@mozilla.org.xpi
1509264046469	addons.xpi	INFO	Mapping {972ce4c6-7e08-4474-a285-3208198ce6fd} to C:\Program Files (x86)\Mozilla Firefox\browser\extensions\{972ce4c6-7e08-4474-a285-3208198ce6fd}.xpi
1509264046469	addons.xpi	DEBUG	New add-on {972ce4c6-7e08-4474-a285-3208198ce6fd} in app-global
1509264046469	addons.xpi	INFO	Mapping {972ce4c6-7e08-4474-a285-3208198ce6fd} to C:\Program Files (x86)\Mozilla Firefox\browser\extensions\{972ce4c6-7e08-4474-a285-3208198ce6fd}.xpi
1509264046469	addons.xpi	DEBUG	getInstallState changed: true, state: {}
1509264046470	addons.xpi	INFO	SystemAddonInstallLocation directory is missing
1509264046477	addons.xpi-utils	DEBUG	Opening XPI database C:\Users\Administrator\AppData\Local\Temp\rust_mozprofile.ubavXTqQG8Fh\extensions.json
1509264046478	addons.xpi-utils	DEBUG	New add-on activity-stream@mozilla.org installed in app-system-defaults
*** Blocklist::_loadBlocklistFromFile: blocklist is disabled
1509264046503	DeferredSave.extensions.json	DEBUG	Save changes
1509264046504	addons.xpi-utils	DEBUG	New add-on aushelper@mozilla.org installed in app-system-defaults
1509264046506	DeferredSave.extensions.json	DEBUG	Starting timer
1509264046508	DeferredSave.extensions.json	DEBUG	Save changes
1509264046508	addons.xpi-utils	DEBUG	New add-on clicktoplay-rollout@mozilla.org installed in app-system-defaults
1509264046512	DeferredSave.extensions.json	DEBUG	Save changes
1509264046512	addons.xpi-utils	DEBUG	New add-on e10srollout@mozilla.org installed in app-system-defaults
1509264046515	DeferredSave.extensions.json	DEBUG	Save changes
1509264046515	addons.xpi-utils	DEBUG	New add-on firefox@getpocket.com installed in app-system-defaults
1509264046520	DeferredSave.extensions.json	DEBUG	Save changes
1509264046521	addons.xpi-utils	DEBUG	New add-on followonsearch@mozilla.com installed in app-system-defaults
1509264046524	DeferredSave.extensions.json	DEBUG	Save changes
1509264046524	addons.xpi-utils	DEBUG	New add-on formautofill@mozilla.org installed in app-system-defaults
1509264046527	DeferredSave.extensions.json	DEBUG	Save changes
1509264046527	addons.xpi-utils	DEBUG	New add-on onboarding@mozilla.org installed in app-system-defaults
1509264046530	DeferredSave.extensions.json	DEBUG	Save changes
1509264046530	addons.xpi-utils	DEBUG	New add-on screenshots@mozilla.org installed in app-system-defaults
1509264046535	DeferredSave.extensions.json	DEBUG	Save changes
1509264046535	addons.xpi-utils	DEBUG	New add-on shield-recipe-client@mozilla.org installed in app-system-defaults
1509264046538	DeferredSave.extensions.json	DEBUG	Save changes
1509264046538	addons.xpi-utils	DEBUG	New add-on webcompat@mozilla.org installed in app-system-defaults
1509264046543	DeferredSave.extensions.json	DEBUG	Save changes
1509264046543	addons.xpi-utils	DEBUG	New add-on {972ce4c6-7e08-4474-a285-3208198ce6fd} installed in app-global
1509264046546	DeferredSave.extensions.json	DEBUG	Save changes
1509264046546	addons.manager	DEBUG	Registering startup change 'installed' for activity-stream@mozilla.org
1509264046555	addons.xpi	DEBUG	Loading bootstrap scope from C:\Program Files (x86)\Mozilla Firefox\browser\features\activity-stream@mozilla.org.xpi
1509264046558	addons.xpi	DEBUG	Calling bootstrap method install on activity-stream@mozilla.org version 0.0.0
1509264046558	addons.xpi-utils	DEBUG	Make addon app-system-defaults:activity-stream@mozilla.org visible
1509264046558	addons.xpi	DEBUG	Updating XPIState for {"id":"activity-stream@mozilla.org","syncGUID":"{baf55ead-4517-411f-9247-e93006080e49}","location":"app-system-defaults","version":"0.0.0","type":"extension","internalName":null,"updateURL":null,"updateKey":null,"optionsURL":null,"optionsType":null,"aboutURL":null,"defaultLocale":{"name":"Activity Stream","description":"A rich visual history feed and a reimagined home page make it easier than ever to find exactly what you're looking for in Firefox.","creator":null,"homepageURL":null},"visible":true,"active":false,"userDisabled":false,"appDisabled":false,"installDate":1508552164078,"updateDate":1508552164078,"applyBackgroundUpdates":1,"bootstrap":true,"path":"C:\\Program Files (x86)\\Mozilla Firefox\\browser\\features\\activity-stream@mozilla.org.xpi","skinnable":false,"size":1280296,"sourceURI":null,"releaseNotesURI":null,"softDisabled":false,"foreignInstall":false,"hasBinaryComponents":false,"strictCompatibility":false,"locales":[],"targetApplications":[{"id":"{ec8030f7-c20a-464f-9b0e-13a3a9e97384}","minVersion":"56.0","maxVersion":"56.*"}],"targetPlatforms":[],"multiprocessCompatible":true,"seen":true,"dependencies":[],"hasEmbeddedWebExtension":false,"mpcOptedOut":false,"userPermissions":null,"icons":{},"iconURL":null,"icon64URL":null,"blocklistState":0,"blocklistURL":null}
1509264046560	DeferredSave.extensions.json	DEBUG	Save changes
1509264046561	addons.manager	DEBUG	Registering startup change 'installed' for aushelper@mozilla.org
1509264046561	addons.xpi	DEBUG	Loading bootstrap scope from C:\Program Files (x86)\Mozilla Firefox\browser\features\aushelper@mozilla.org.xpi
1509264046564	addons.xpi	DEBUG	Calling bootstrap method install on aushelper@mozilla.org version 2.0
1509264046564	addons.xpi-utils	DEBUG	Make addon app-system-defaults:aushelper@mozilla.org visible
1509264046564	addons.xpi	DEBUG	Updating XPIState for {"id":"aushelper@mozilla.org","syncGUID":"{680c2fb3-cf53-4e40-8b24-1915a9d330f5}","location":"app-system-defaults","version":"2.0","type":"extension","internalName":null,"updateURL":null,"updateKey":null,"optionsURL":null,"optionsType":null,"aboutURL":null,"defaultLocale":{"name":"Application Update Service Helper","description":"Sets value(s) in the update url based on custom checks.","creator":null,"homepageURL":null},"visible":true,"active":false,"userDisabled":false,"appDisabled":false,"installDate":1508552164006,"updateDate":1508552164006,"applyBackgroundUpdates":1,"bootstrap":true,"path":"C:\\Program Files (x86)\\Mozilla Firefox\\browser\\features\\aushelper@mozilla.org.xpi","skinnable":false,"size":8486,"sourceURI":null,"releaseNotesURI":null,"softDisabled":false,"foreignInstall":false,"hasBinaryComponents":false,"strictCompatibility":false,"locales":[],"targetApplications":[{"id":"{ec8030f7-c20a-464f-9b0e-13a3a9e97384}","minVersion":"56.0","maxVersion":"56.*"}],"targetPlatforms":[],"multiprocessCompatible":true,"seen":true,"dependencies":[],"hasEmbeddedWebExtension":false,"mpcOptedOut":false,"userPermissions":null,"icons":{},"iconURL":null,"icon64URL":null,"blocklistState":0,"blocklistURL":null}
1509264046564	DeferredSave.extensions.json	DEBUG	Save changes
1509264046564	addons.manager	DEBUG	Registering startup change 'installed' for clicktoplay-rollout@mozilla.org
1509264046565	addons.xpi	DEBUG	Loading bootstrap scope from C:\Program Files (x86)\Mozilla Firefox\browser\features\clicktoplay-rollout@mozilla.org.xpi
1509264046576	addons.xpi	DEBUG	Calling bootstrap method install on clicktoplay-rollout@mozilla.org version 1.4
1509264046576	addons.xpi-utils	DEBUG	Make addon app-system-defaults:clicktoplay-rollout@mozilla.org visible
1509264046576	addons.xpi	DEBUG	Updating XPIState for {"id":"clicktoplay-rollout@mozilla.org","syncGUID":"{c98b8d24-2c80-4f98-8e3f-a957286bb400}","location":"app-system-defaults","version":"1.4","type":"extension","internalName":null,"updateURL":null,"updateKey":null,"optionsURL":null,"optionsType":null,"aboutURL":null,"defaultLocale":{"name":"Click-to-Play staged rollout","description":"Staged rollout for Click-to-Play Flash.","creator":null,"homepageURL":null},"visible":true,"active":false,"userDisabled":false,"appDisabled":false,"installDate":1508552164005,"updateDate":1508552164005,"applyBackgroundUpdates":1,"bootstrap":true,"path":"C:\\Program Files (x86)\\Mozilla Firefox\\browser\\features\\clicktoplay-rollout@mozilla.org.xpi","skinnable":false,"size":5779,"sourceURI":null,"releaseNotesURI":null,"softDisabled":false,"foreignInstall":false,"hasBinaryComponents":false,"strictCompatibility":false,"locales":[],"targetApplications":[{"id":"{ec8030f7-c20a-464f-9b0e-13a3a9e97384}","minVersion":"56.0","maxVersion":"56.*"}],"targetPlatforms":[],"multiprocessCompatible":true,"seen":true,"dependencies":[],"hasEmbeddedWebExtension":false,"mpcOptedOut":false,"userPermissions":null,"icons":{},"iconURL":null,"icon64URL":null,"blocklistState":0,"blocklistURL":null}
1509264046576	DeferredSave.extensions.json	DEBUG	Save changes
1509264046576	addons.manager	DEBUG	Registering startup change 'installed' for e10srollout@mozilla.org
1509264046577	addons.xpi	DEBUG	Loading bootstrap scope from C:\Program Files (x86)\Mozilla Firefox\browser\features\e10srollout@mozilla.org.xpi
1509264046579	addons.xpi	DEBUG	Calling bootstrap method install on e10srollout@mozilla.org version 3.00
1509264046580	addons.xpi-utils	DEBUG	Make addon app-system-defaults:e10srollout@mozilla.org visible
1509264046580	addons.xpi	DEBUG	Updating XPIState for {"id":"e10srollout@mozilla.org","syncGUID":"{0f361f0f-6f86-467f-8bbc-f0db5657fb28}","location":"app-system-defaults","version":"3.00","type":"extension","internalName":null,"updateURL":null,"updateKey":null,"optionsURL":null,"optionsType":null,"aboutURL":null,"defaultLocale":{"name":"Multi-process staged rollout","description":"Staged rollout of Firefox multi-process feature.","creator":null,"homepageURL":null},"visible":true,"active":false,"userDisabled":false,"appDisabled":false,"installDate":1508552164004,"updateDate":1508552164004,"applyBackgroundUpdates":1,"bootstrap":true,"path":"C:\\Program Files (x86)\\Mozilla Firefox\\browser\\features\\e10srollout@mozilla.org.xpi","skinnable":false,"size":13710,"sourceURI":null,"releaseNotesURI":null,"softDisabled":false,"foreignInstall":false,"hasBinaryComponents":false,"strictCompatibility":false,"locales":[],"targetApplications":[{"id":"{ec8030f7-c20a-464f-9b0e-13a3a9e97384}","minVersion":"56.0","maxVersion":"56.*"}],"targetPlatforms":[],"multiprocessCompatible":true,"seen":true,"dependencies":[],"hasEmbeddedWebExtension":false,"mpcOptedOut":false,"userPermissions":null,"icons":{},"iconURL":null,"icon64URL":null,"blocklistState":0,"blocklistURL":null}
1509264046581	DeferredSave.extensions.json	DEBUG	Save changes
1509264046581	addons.manager	DEBUG	Registering startup change 'installed' for firefox@getpocket.com
1509264046581	addons.xpi	DEBUG	Loading bootstrap scope from C:\Program Files (x86)\Mozilla Firefox\browser\features\firefox@getpocket.com.xpi
1509264046587	addons.xpi	DEBUG	Calling bootstrap method install on firefox@getpocket.com version 1.0.5
1509264046587	addons.xpi-utils	DEBUG	Make addon app-system-defaults:firefox@getpocket.com visible
1509264046587	addons.xpi	DEBUG	Updating XPIState for {"id":"firefox@getpocket.com","syncGUID":"{956c25c6-896f-4a15-b274-29ef81553971}","location":"app-system-defaults","version":"1.0.5","type":"extension","internalName":null,"updateURL":null,"updateKey":null,"optionsURL":null,"optionsType":null,"aboutURL":null,"defaultLocale":{"name":"Pocket","description":"When you find something you want to view later, put it in Pocket.","creator":null,"homepageURL":null},"visible":true,"active":false,"userDisabled":false,"appDisabled":false,"installDate":1508552164003,"updateDate":1508552164003,"applyBackgroundUpdates":1,"bootstrap":true,"path":"C:\\Program Files (x86)\\Mozilla Firefox\\browser\\features\\firefox@getpocket.com.xpi","skinnable":false,"size":1002093,"sourceURI":null,"releaseNotesURI":null,"softDisabled":false,"foreignInstall":false,"hasBinaryComponents":false,"strictCompatibility":false,"locales":[],"targetApplications":[{"id":"{ec8030f7-c20a-464f-9b0e-13a3a9e97384}","minVersion":"56.0","maxVersion":"56.*"}],"targetPlatforms":[],"multiprocessCompatible":true,"seen":true,"dependencies":[],"hasEmbeddedWebExtension":false,"mpcOptedOut":false,"userPermissions":null,"icons":{},"iconURL":null,"icon64URL":null,"blocklistState":0,"blocklistURL":null}
1509264046587	DeferredSave.extensions.json	DEBUG	Save changes
1509264046587	addons.manager	DEBUG	Registering startup change 'installed' for followonsearch@mozilla.com
1509264046588	addons.xpi	DEBUG	Loading bootstrap scope from C:\Program Files (x86)\Mozilla Firefox\browser\features\followonsearch@mozilla.com.xpi
1509264046590	addons.xpi	DEBUG	Calling bootstrap method install on followonsearch@mozilla.com version 0.9.3
1509264046590	addons.xpi-utils	DEBUG	Make addon app-system-defaults:followonsearch@mozilla.com visible
1509264046591	addons.xpi	DEBUG	Updating XPIState for {"id":"followonsearch@mozilla.com","syncGUID":"{3b83c91c-b8b5-4792-9ec7-a61d1cb0f874}","location":"app-system-defaults","version":"0.9.3","type":"extension","internalName":null,"updateURL":null,"updateKey":null,"optionsURL":null,"optionsType":null,"aboutURL":null,"defaultLocale":{"name":"Follow-on Search Telemetry","description":null,"creator":null,"homepageURL":null},"visible":true,"active":false,"userDisabled":false,"appDisabled":false,"installDate":1508552163936,"updateDate":1508552163936,"applyBackgroundUpdates":1,"bootstrap":true,"path":"C:\\Program Files (x86)\\Mozilla Firefox\\browser\\features\\followonsearch@mozilla.com.xpi","skinnable":false,"size":16802,"sourceURI":null,"releaseNotesURI":null,"softDisabled":false,"foreignInstall":false,"hasBinaryComponents":false,"strictCompatibility":false,"locales":[],"targetApplications":[{"id":"{ec8030f7-c20a-464f-9b0e-13a3a9e97384}","minVersion":"52.0","maxVersion":"59.*"}],"targetPlatforms":[],"multiprocessCompatible":true,"seen":true,"dependencies":[],"hasEmbeddedWebExtension":false,"mpcOptedOut":false,"userPermissions":null,"icons":{},"iconURL":null,"icon64URL":null,"blocklistState":0,"blocklistURL":null}
1509264046591	DeferredSave.extensions.json	DEBUG	Save changes
1509264046591	addons.manager	DEBUG	Registering startup change 'installed' for formautofill@mozilla.org
1509264046592	addons.xpi	DEBUG	Loading bootstrap scope from C:\Program Files (x86)\Mozilla Firefox\browser\features\formautofill@mozilla.org.xpi
1509264046593	addons.xpi	DEBUG	Calling bootstrap method install on formautofill@mozilla.org version 1.0
1509264046594	addons.xpi-utils	DEBUG	Make addon app-system-defaults:formautofill@mozilla.org visible
1509264046594	addons.xpi	DEBUG	Updating XPIState for {"id":"formautofill@mozilla.org","syncGUID":"{cb615ec6-6119-4191-bedb-ae8558f56027}","location":"app-system-defaults","version":"1.0","type":"extension","internalName":null,"updateURL":null,"updateKey":null,"optionsURL":null,"optionsType":null,"aboutURL":null,"defaultLocale":{"name":"Form Autofill","description":"Autofill forms with saved profiles","creator":null,"homepageURL":null},"visible":true,"active":false,"userDisabled":false,"appDisabled":false,"installDate":1508552163935,"updateDate":1508552163935,"applyBackgroundUpdates":1,"bootstrap":true,"path":"C:\\Program Files (x86)\\Mozilla Firefox\\browser\\features\\formautofill@mozilla.org.xpi","skinnable":false,"size":335585,"sourceURI":null,"releaseNotesURI":null,"softDisabled":false,"foreignInstall":false,"hasBinaryComponents":false,"strictCompatibility":false,"locales":[],"targetApplications":[{"id":"{ec8030f7-c20a-464f-9b0e-13a3a9e97384}","minVersion":"56.0","maxVersion":"56.*"}],"targetPlatforms":[],"multiprocessCompatible":true,"seen":true,"dependencies":[],"hasEmbeddedWebExtension":false,"mpcOptedOut":false,"userPermissions":null,"icons":{},"iconURL":null,"icon64URL":null,"blocklistState":0,"blocklistURL":null}
1509264046594	DeferredSave.extensions.json	DEBUG	Save changes
1509264046594	addons.manager	DEBUG	Registering startup change 'installed' for onboarding@mozilla.org
1509264046595	addons.xpi	DEBUG	Loading bootstrap scope from C:\Program Files (x86)\Mozilla Firefox\browser\features\onboarding@mozilla.org.xpi
1509264046597	addons.xpi	DEBUG	Calling bootstrap method install on onboarding@mozilla.org version 0.1
1509264046597	addons.xpi-utils	DEBUG	Make addon app-system-defaults:onboarding@mozilla.org visible
1509264046597	addons.xpi	DEBUG	Updating XPIState for {"id":"onboarding@mozilla.org","syncGUID":"{894cc122-a8f2-41d1-afea-4ac4f8aa2fb5}","location":"app-system-defaults","version":"0.1","type":"extension","internalName":null,"updateURL":null,"updateKey":null,"optionsURL":null,"optionsType":null,"aboutURL":null,"defaultLocale":{"name":"Photon onboarding","description":"Photon onboarding","creator":null,"homepageURL":null},"visible":true,"active":false,"userDisabled":false,"appDisabled":false,"installDate":1508552163922,"updateDate":1508552163922,"applyBackgroundUpdates":1,"bootstrap":true,"path":"C:\\Program Files (x86)\\Mozilla Firefox\\browser\\features\\onboarding@mozilla.org.xpi","skinnable":false,"size":426346,"sourceURI":null,"releaseNotesURI":null,"softDisabled":false,"foreignInstall":false,"hasBinaryComponents":false,"strictCompatibility":false,"locales":[],"targetApplications":[{"id":"{ec8030f7-c20a-464f-9b0e-13a3a9e97384}","minVersion":"56.0","maxVersion":"56.*"}],"targetPlatforms":[],"multiprocessCompatible":true,"seen":true,"dependencies":[],"hasEmbeddedWebExtension":false,"mpcOptedOut":false,"userPermissions":null,"icons":{},"iconURL":null,"icon64URL":null,"blocklistState":0,"blocklistURL":null}
1509264046598	DeferredSave.extensions.json	DEBUG	Save changes
1509264046598	addons.manager	DEBUG	Registering startup change 'installed' for screenshots@mozilla.org
1509264046598	addons.xpi	DEBUG	Loading bootstrap scope from C:\Program Files (x86)\Mozilla Firefox\browser\features\screenshots@mozilla.org.xpi
1509264046601	addons.xpi	DEBUG	Calling bootstrap method install on screenshots@mozilla.org version 10.12.0
1509264046601	addons.xpi-utils	DEBUG	Make addon app-system-defaults:screenshots@mozilla.org visible
1509264046601	addons.xpi	DEBUG	Updating XPIState for {"id":"screenshots@mozilla.org","syncGUID":"{aa5b6741-4b3e-4190-a69a-9b5e90bd7c3b}","location":"app-system-defaults","version":"10.12.0","type":"extension","internalName":null,"updateURL":null,"updateKey":null,"optionsURL":null,"optionsType":null,"aboutURL":null,"defaultLocale":{"name":"Firefox Screenshots","description":null,"creator":null,"homepageURL":"https://pageshot.net/"},"visible":true,"active":false,"userDisabled":false,"appDisabled":false,"installDate":1508552163904,"updateDate":1508552163904,"applyBackgroundUpdates":1,"bootstrap":true,"path":"C:\\Program Files (x86)\\Mozilla Firefox\\browser\\features\\screenshots@mozilla.org.xpi","skinnable":false,"size":714554,"sourceURI":null,"releaseNotesURI":null,"softDisabled":false,"foreignInstall":false,"hasBinaryComponents":false,"strictCompatibility":false,"locales":[],"targetApplications":[{"id":"{ec8030f7-c20a-464f-9b0e-13a3a9e97384}","minVersion":"51.0a1","maxVersion":"*"}],"targetPlatforms":[],"multiprocessCompatible":true,"seen":true,"dependencies":[],"hasEmbeddedWebExtension":false,"mpcOptedOut":false,"userPermissions":null,"icons":{},"iconURL":null,"icon64URL":null,"blocklistState":0,"blocklistURL":null}
1509264046602	DeferredSave.extensions.json	DEBUG	Save changes
1509264046602	addons.manager	DEBUG	Registering startup change 'installed' for shield-recipe-client@mozilla.org
1509264046602	addons.xpi	DEBUG	Loading bootstrap scope from C:\Program Files (x86)\Mozilla Firefox\browser\features\shield-recipe-client@mozilla.org.xpi
1509264046605	addons.xpi	DEBUG	Calling bootstrap method install on shield-recipe-client@mozilla.org version 65
1509264046605	addons.xpi-utils	DEBUG	Make addon app-system-defaults:shield-recipe-client@mozilla.org visible
1509264046605	addons.xpi	DEBUG	Updating XPIState for {"id":"shield-recipe-client@mozilla.org","syncGUID":"{775d55e8-3eef-4377-ad9b-d90266dd7e1f}","location":"app-system-defaults","version":"65","type":"extension","internalName":null,"updateURL":null,"updateKey":null,"optionsURL":null,"optionsType":null,"aboutURL":null,"defaultLocale":{"name":"Shield Recipe Client","description":"Client to download and run recipes for SHIELD, Heartbeat, etc.","creator":null,"homepageURL":null},"visible":true,"active":false,"userDisabled":false,"appDisabled":false,"installDate":1508552163869,"updateDate":1508552163869,"applyBackgroundUpdates":1,"bootstrap":true,"path":"C:\\Program Files (x86)\\Mozilla Firefox\\browser\\features\\shield-recipe-client@mozilla.org.xpi","skinnable":false,"size":362688,"sourceURI":null,"releaseNotesURI":null,"softDisabled":false,"foreignInstall":false,"hasBinaryComponents":false,"strictCompatibility":false,"locales":[],"targetApplications":[{"id":"{ec8030f7-c20a-464f-9b0e-13a3a9e97384}","minVersion":"56.0","maxVersion":"56.*"}],"targetPlatforms":[],"multiprocessCompatible":true,"seen":true,"dependencies":[],"hasEmbeddedWebExtension":false,"mpcOptedOut":false,"userPermissions":null,"icons":{},"iconURL":null,"icon64URL":null,"blocklistState":0,"blocklistURL":null}
1509264046606	DeferredSave.extensions.json	DEBUG	Save changes
1509264046606	addons.manager	DEBUG	Registering startup change 'installed' for webcompat@mozilla.org
1509264046607	addons.xpi	DEBUG	Loading bootstrap scope from C:\Program Files (x86)\Mozilla Firefox\browser\features\webcompat@mozilla.org.xpi
1509264046609	addons.xpi	DEBUG	Calling bootstrap method install on webcompat@mozilla.org version 1.1
1509264046609	addons.xpi-utils	DEBUG	Make addon app-system-defaults:webcompat@mozilla.org visible
1509264046610	addons.xpi	DEBUG	Updating XPIState for {"id":"webcompat@mozilla.org","syncGUID":"{c4b47114-c14f-4556-8d39-eb5b984437bd}","location":"app-system-defaults","version":"1.1","type":"extension","internalName":null,"updateURL":null,"updateKey":null,"optionsURL":null,"optionsType":null,"aboutURL":null,"defaultLocale":{"name":"Web Compat","description":"Urgent post-release fixes for web compatibility.","creator":null,"homepageURL":null},"visible":true,"active":false,"userDisabled":false,"appDisabled":false,"installDate":1508552163854,"updateDate":1508552163854,"applyBackgroundUpdates":1,"bootstrap":true,"path":"C:\\Program Files (x86)\\Mozilla Firefox\\browser\\features\\webcompat@mozilla.org.xpi","skinnable":false,"size":8990,"sourceURI":null,"releaseNotesURI":null,"softDisabled":false,"foreignInstall":false,"hasBinaryComponents":false,"strictCompatibility":false,"locales":[],"targetApplications":[{"id":"{ec8030f7-c20a-464f-9b0e-13a3a9e97384}","minVersion":"56.0","maxVersion":"56.*"}],"targetPlatforms":[],"multiprocessCompatible":true,"seen":true,"dependencies":[],"hasEmbeddedWebExtension":false,"mpcOptedOut":false,"userPermissions":null,"icons":{},"iconURL":null,"icon64URL":null,"blocklistState":0,"blocklistURL":null}
1509264046610	DeferredSave.extensions.json	DEBUG	Save changes
1509264046611	addons.xpi-utils	DEBUG	Make addon app-global:{972ce4c6-7e08-4474-a285-3208198ce6fd} visible
1509264046611	addons.xpi	DEBUG	Updating XPIState for {"id":"{972ce4c6-7e08-4474-a285-3208198ce6fd}","syncGUID":"{a61597ef-035c-44b1-a735-c71b5749ad95}","location":"app-global","version":"56.0","type":"theme","internalName":"classic/1.0","updateURL":null,"updateKey":null,"optionsURL":null,"optionsType":null,"optionsBrowserStyle":null,"aboutURL":null,"defaultLocale":{"name":"Default","description":"The default theme.","creator":"Mozilla","homepageURL":null,"contributors":["Mozilla Contributors"]},"visible":true,"active":false,"userDisabled":false,"appDisabled":false,"installDate":1508552164079,"updateDate":1508552164079,"applyBackgroundUpdates":1,"path":"C:\\Program Files (x86)\\Mozilla Firefox\\browser\\extensions\\{972ce4c6-7e08-4474-a285-3208198ce6fd}.xpi","skinnable":true,"size":7141,"sourceURI":null,"releaseNotesURI":null,"softDisabled":false,"foreignInstall":false,"hasBinaryComponents":false,"strictCompatibility":true,"locales":[],"targetApplications":[{"id":"{ec8030f7-c20a-464f-9b0e-13a3a9e97384}","minVersion":"56.0","maxVersion":"56.0"}],"targetPlatforms":[],"seen":true,"dependencies":[],"hasEmbeddedWebExtension":false,"userPermissions":null,"icons":{},"iconURL":"chrome://browser/content/default-theme-icon.svg","icon64URL":null,"blocklistState":0,"blocklistURL":null}
1509264046612	DeferredSave.extensions.json	DEBUG	Save changes
1509264046612	addons.xpi	DEBUG	Updating XPIState for {"id":"activity-stream@mozilla.org","syncGUID":"{baf55ead-4517-411f-9247-e93006080e49}","location":"app-system-defaults","version":"0.0.0","type":"extension","internalName":null,"updateURL":null,"updateKey":null,"optionsURL":null,"optionsType":null,"aboutURL":null,"defaultLocale":{"name":"Activity Stream","description":"A rich visual history feed and a reimagined home page make it easier than ever to find exactly what you're looking for in Firefox.","creator":null,"homepageURL":null},"visible":true,"active":true,"userDisabled":false,"appDisabled":false,"installDate":1508552164078,"updateDate":1508552164078,"applyBackgroundUpdates":1,"bootstrap":true,"path":"C:\\Program Files (x86)\\Mozilla Firefox\\browser\\features\\activity-stream@mozilla.org.xpi","skinnable":false,"size":1280296,"sourceURI":null,"releaseNotesURI":null,"softDisabled":false,"foreignInstall":false,"hasBinaryComponents":false,"strictCompatibility":false,"locales":[],"targetApplications":[{"id":"{ec8030f7-c20a-464f-9b0e-13a3a9e97384}","minVersion":"56.0","maxVersion":"56.*"}],"targetPlatforms":[],"multiprocessCompatible":true,"seen":true,"dependencies":[],"hasEmbeddedWebExtension":false,"mpcOptedOut":false,"userPermissions":null,"icons":{},"iconURL":null,"icon64URL":null,"blocklistState":0,"blocklistURL":null}
1509264046612	addons.xpi	DEBUG	Updating XPIState for {"id":"aushelper@mozilla.org","syncGUID":"{680c2fb3-cf53-4e40-8b24-1915a9d330f5}","location":"app-system-defaults","version":"2.0","type":"extension","internalName":null,"updateURL":null,"updateKey":null,"optionsURL":null,"optionsType":null,"aboutURL":null,"defaultLocale":{"name":"Application Update Service Helper","description":"Sets value(s) in the update url based on custom checks.","creator":null,"homepageURL":null},"visible":true,"active":true,"userDisabled":false,"appDisabled":false,"installDate":1508552164006,"updateDate":1508552164006,"applyBackgroundUpdates":1,"bootstrap":true,"path":"C:\\Program Files (x86)\\Mozilla Firefox\\browser\\features\\aushelper@mozilla.org.xpi","skinnable":false,"size":8486,"sourceURI":null,"releaseNotesURI":null,"softDisabled":false,"foreignInstall":false,"hasBinaryComponents":false,"strictCompatibility":false,"locales":[],"targetApplications":[{"id":"{ec8030f7-c20a-464f-9b0e-13a3a9e97384}","minVersion":"56.0","maxVersion":"56.*"}],"targetPlatforms":[],"multiprocessCompatible":true,"seen":true,"dependencies":[],"hasEmbeddedWebExtension":false,"mpcOptedOut":false,"userPermissions":null,"icons":{},"iconURL":null,"icon64URL":null,"blocklistState":0,"blocklistURL":null}
1509264046612	addons.xpi	DEBUG	Updating XPIState for {"id":"clicktoplay-rollout@mozilla.org","syncGUID":"{c98b8d24-2c80-4f98-8e3f-a957286bb400}","location":"app-system-defaults","version":"1.4","type":"extension","internalName":null,"updateURL":null,"updateKey":null,"optionsURL":null,"optionsType":null,"aboutURL":null,"defaultLocale":{"name":"Click-to-Play staged rollout","description":"Staged rollout for Click-to-Play Flash.","creator":null,"homepageURL":null},"visible":true,"active":true,"userDisabled":false,"appDisabled":false,"installDate":1508552164005,"updateDate":1508552164005,"applyBackgroundUpdates":1,"bootstrap":true,"path":"C:\\Program Files (x86)\\Mozilla Firefox\\browser\\features\\clicktoplay-rollout@mozilla.org.xpi","skinnable":false,"size":5779,"sourceURI":null,"releaseNotesURI":null,"softDisabled":false,"foreignInstall":false,"hasBinaryComponents":false,"strictCompatibility":false,"locales":[],"targetApplications":[{"id":"{ec8030f7-c20a-464f-9b0e-13a3a9e97384}","minVersion":"56.0","maxVersion":"56.*"}],"targetPlatforms":[],"multiprocessCompatible":true,"seen":true,"dependencies":[],"hasEmbeddedWebExtension":false,"mpcOptedOut":false,"userPermissions":null,"icons":{},"iconURL":null,"icon64URL":null,"blocklistState":0,"blocklistURL":null}
1509264046612	addons.xpi	DEBUG	Updating XPIState for {"id":"e10srollout@mozilla.org","syncGUID":"{0f361f0f-6f86-467f-8bbc-f0db5657fb28}","location":"app-system-defaults","version":"3.00","type":"extension","internalName":null,"updateURL":null,"updateKey":null,"optionsURL":null,"optionsType":null,"aboutURL":null,"defaultLocale":{"name":"Multi-process staged rollout","description":"Staged rollout of Firefox multi-process feature.","creator":null,"homepageURL":null},"visible":true,"active":true,"userDisabled":false,"appDisabled":false,"installDate":1508552164004,"updateDate":1508552164004,"applyBackgroundUpdates":1,"bootstrap":true,"path":"C:\\Program Files (x86)\\Mozilla Firefox\\browser\\features\\e10srollout@mozilla.org.xpi","skinnable":false,"size":13710,"sourceURI":null,"releaseNotesURI":null,"softDisabled":false,"foreignInstall":false,"hasBinaryComponents":false,"strictCompatibility":false,"locales":[],"targetApplications":[{"id":"{ec8030f7-c20a-464f-9b0e-13a3a9e97384}","minVersion":"56.0","maxVersion":"56.*"}],"targetPlatforms":[],"multiprocessCompatible":true,"seen":true,"dependencies":[],"hasEmbeddedWebExtension":false,"mpcOptedOut":false,"userPermissions":null,"icons":{},"iconURL":null,"icon64URL":null,"blocklistState":0,"blocklistURL":null}
1509264046612	addons.xpi	DEBUG	Updating XPIState for {"id":"firefox@getpocket.com","syncGUID":"{956c25c6-896f-4a15-b274-29ef81553971}","location":"app-system-defaults","version":"1.0.5","type":"extension","internalName":null,"updateURL":null,"updateKey":null,"optionsURL":null,"optionsType":null,"aboutURL":null,"defaultLocale":{"name":"Pocket","description":"When you find something you want to view later, put it in Pocket.","creator":null,"homepageURL":null},"visible":true,"active":true,"userDisabled":false,"appDisabled":false,"installDate":1508552164003,"updateDate":1508552164003,"applyBackgroundUpdates":1,"bootstrap":true,"path":"C:\\Program Files (x86)\\Mozilla Firefox\\browser\\features\\firefox@getpocket.com.xpi","skinnable":false,"size":1002093,"sourceURI":null,"releaseNotesURI":null,"softDisabled":false,"foreignInstall":false,"hasBinaryComponents":false,"strictCompatibility":false,"locales":[],"targetApplications":[{"id":"{ec8030f7-c20a-464f-9b0e-13a3a9e97384}","minVersion":"56.0","maxVersion":"56.*"}],"targetPlatforms":[],"multiprocessCompatible":true,"seen":true,"dependencies":[],"hasEmbeddedWebExtension":false,"mpcOptedOut":false,"userPermissions":null,"icons":{},"iconURL":null,"icon64URL":null,"blocklistState":0,"blocklistURL":null}
1509264046613	addons.xpi	DEBUG	Updating XPIState for {"id":"followonsearch@mozilla.com","syncGUID":"{3b83c91c-b8b5-4792-9ec7-a61d1cb0f874}","location":"app-system-defaults","version":"0.9.3","type":"extension","internalName":null,"updateURL":null,"updateKey":null,"optionsURL":null,"optionsType":null,"aboutURL":null,"defaultLocale":{"name":"Follow-on Search Telemetry","description":null,"creator":null,"homepageURL":null},"visible":true,"active":true,"userDisabled":false,"appDisabled":false,"installDate":1508552163936,"updateDate":1508552163936,"applyBackgroundUpdates":1,"bootstrap":true,"path":"C:\\Program Files (x86)\\Mozilla Firefox\\browser\\features\\followonsearch@mozilla.com.xpi","skinnable":false,"size":16802,"sourceURI":null,"releaseNotesURI":null,"softDisabled":false,"foreignInstall":false,"hasBinaryComponents":false,"strictCompatibility":false,"locales":[],"targetApplications":[{"id":"{ec8030f7-c20a-464f-9b0e-13a3a9e97384}","minVersion":"52.0","maxVersion":"59.*"}],"targetPlatforms":[],"multiprocessCompatible":true,"seen":true,"dependencies":[],"hasEmbeddedWebExtension":false,"mpcOptedOut":false,"userPermissions":null,"icons":{},"iconURL":null,"icon64URL":null,"blocklistState":0,"blocklistURL":null}
1509264046613	addons.xpi	DEBUG	Updating XPIState for {"id":"formautofill@mozilla.org","syncGUID":"{cb615ec6-6119-4191-bedb-ae8558f56027}","location":"app-system-defaults","version":"1.0","type":"extension","internalName":null,"updateURL":null,"updateKey":null,"optionsURL":null,"optionsType":null,"aboutURL":null,"defaultLocale":{"name":"Form Autofill","description":"Autofill forms with saved profiles","creator":null,"homepageURL":null},"visible":true,"active":true,"userDisabled":false,"appDisabled":false,"installDate":1508552163935,"updateDate":1508552163935,"applyBackgroundUpdates":1,"bootstrap":true,"path":"C:\\Program Files (x86)\\Mozilla Firefox\\browser\\features\\formautofill@mozilla.org.xpi","skinnable":false,"size":335585,"sourceURI":null,"releaseNotesURI":null,"softDisabled":false,"foreignInstall":false,"hasBinaryComponents":false,"strictCompatibility":false,"locales":[],"targetApplications":[{"id":"{ec8030f7-c20a-464f-9b0e-13a3a9e97384}","minVersion":"56.0","maxVersion":"56.*"}],"targetPlatforms":[],"multiprocessCompatible":true,"seen":true,"dependencies":[],"hasEmbeddedWebExtension":false,"mpcOptedOut":false,"userPermissions":null,"icons":{},"iconURL":null,"icon64URL":null,"blocklistState":0,"blocklistURL":null}
1509264046613	addons.xpi	DEBUG	Updating XPIState for {"id":"onboarding@mozilla.org","syncGUID":"{894cc122-a8f2-41d1-afea-4ac4f8aa2fb5}","location":"app-system-defaults","version":"0.1","type":"extension","internalName":null,"updateURL":null,"updateKey":null,"optionsURL":null,"optionsType":null,"aboutURL":null,"defaultLocale":{"name":"Photon onboarding","description":"Photon onboarding","creator":null,"homepageURL":null},"visible":true,"active":true,"userDisabled":false,"appDisabled":false,"installDate":1508552163922,"updateDate":1508552163922,"applyBackgroundUpdates":1,"bootstrap":true,"path":"C:\\Program Files (x86)\\Mozilla Firefox\\browser\\features\\onboarding@mozilla.org.xpi","skinnable":false,"size":426346,"sourceURI":null,"releaseNotesURI":null,"softDisabled":false,"foreignInstall":false,"hasBinaryComponents":false,"strictCompatibility":false,"locales":[],"targetApplications":[{"id":"{ec8030f7-c20a-464f-9b0e-13a3a9e97384}","minVersion":"56.0","maxVersion":"56.*"}],"targetPlatforms":[],"multiprocessCompatible":true,"seen":true,"dependencies":[],"hasEmbeddedWebExtension":false,"mpcOptedOut":false,"userPermissions":null,"icons":{},"iconURL":null,"icon64URL":null,"blocklistState":0,"blocklistURL":null}
1509264046613	addons.xpi	DEBUG	Updating XPIState for {"id":"screenshots@mozilla.org","syncGUID":"{aa5b6741-4b3e-4190-a69a-9b5e90bd7c3b}","location":"app-system-defaults","version":"10.12.0","type":"extension","internalName":null,"updateURL":null,"updateKey":null,"optionsURL":null,"optionsType":null,"aboutURL":null,"defaultLocale":{"name":"Firefox Screenshots","description":null,"creator":null,"homepageURL":"https://pageshot.net/"},"visible":true,"active":true,"userDisabled":false,"appDisabled":false,"installDate":1508552163904,"updateDate":1508552163904,"applyBackgroundUpdates":1,"bootstrap":true,"path":"C:\\Program Files (x86)\\Mozilla Firefox\\browser\\features\\screenshots@mozilla.org.xpi","skinnable":false,"size":714554,"sourceURI":null,"releaseNotesURI":null,"softDisabled":false,"foreignInstall":false,"hasBinaryComponents":false,"strictCompatibility":false,"locales":[],"targetApplications":[{"id":"{ec8030f7-c20a-464f-9b0e-13a3a9e97384}","minVersion":"51.0a1","maxVersion":"*"}],"targetPlatforms":[],"multiprocessCompatible":true,"seen":true,"dependencies":[],"hasEmbeddedWebExtension":false,"mpcOptedOut":false,"userPermissions":null,"icons":{},"iconURL":null,"icon64URL":null,"blocklistState":0,"blocklistURL":null}
1509264046613	addons.xpi	DEBUG	Updating XPIState for {"id":"shield-recipe-client@mozilla.org","syncGUID":"{775d55e8-3eef-4377-ad9b-d90266dd7e1f}","location":"app-system-defaults","version":"65","type":"extension","internalName":null,"updateURL":null,"updateKey":null,"optionsURL":null,"optionsType":null,"aboutURL":null,"defaultLocale":{"name":"Shield Recipe Client","description":"Client to download and run recipes for SHIELD, Heartbeat, etc.","creator":null,"homepageURL":null},"visible":true,"active":true,"userDisabled":false,"appDisabled":false,"installDate":1508552163869,"updateDate":1508552163869,"applyBackgroundUpdates":1,"bootstrap":true,"path":"C:\\Program Files (x86)\\Mozilla Firefox\\browser\\features\\shield-recipe-client@mozilla.org.xpi","skinnable":false,"size":362688,"sourceURI":null,"releaseNotesURI":null,"softDisabled":false,"foreignInstall":false,"hasBinaryComponents":false,"strictCompatibility":false,"locales":[],"targetApplications":[{"id":"{ec8030f7-c20a-464f-9b0e-13a3a9e97384}","minVersion":"56.0","maxVersion":"56.*"}],"targetPlatforms":[],"multiprocessCompatible":true,"seen":true,"dependencies":[],"hasEmbeddedWebExtension":false,"mpcOptedOut":false,"userPermissions":null,"icons":{},"iconURL":null,"icon64URL":null,"blocklistState":0,"blocklistURL":null}
1509264046613	addons.xpi	DEBUG	Updating XPIState for {"id":"webcompat@mozilla.org","syncGUID":"{c4b47114-c14f-4556-8d39-eb5b984437bd}","location":"app-system-defaults","version":"1.1","type":"extension","internalName":null,"updateURL":null,"updateKey":null,"optionsURL":null,"optionsType":null,"aboutURL":null,"defaultLocale":{"name":"Web Compat","description":"Urgent post-release fixes for web compatibility.","creator":null,"homepageURL":null},"visible":true,"active":true,"userDisabled":false,"appDisabled":false,"installDate":1508552163854,"updateDate":1508552163854,"applyBackgroundUpdates":1,"bootstrap":true,"path":"C:\\Program Files (x86)\\Mozilla Firefox\\browser\\features\\webcompat@mozilla.org.xpi","skinnable":false,"size":8990,"sourceURI":null,"releaseNotesURI":null,"softDisabled":false,"foreignInstall":false,"hasBinaryComponents":false,"strictCompatibility":false,"locales":[],"targetApplications":[{"id":"{ec8030f7-c20a-464f-9b0e-13a3a9e97384}","minVersion":"56.0","maxVersion":"56.*"}],"targetPlatforms":[],"multiprocessCompatible":true,"seen":true,"dependencies":[],"hasEmbeddedWebExtension":false,"mpcOptedOut":false,"userPermissions":null,"icons":{},"iconURL":null,"icon64URL":null,"blocklistState":0,"blocklistURL":null}
1509264046614	addons.xpi	DEBUG	Updating XPIState for {"id":"{972ce4c6-7e08-4474-a285-3208198ce6fd}","syncGUID":"{a61597ef-035c-44b1-a735-c71b5749ad95}","location":"app-global","version":"56.0","type":"theme","internalName":"classic/1.0","updateURL":null,"updateKey":null,"optionsURL":null,"optionsType":null,"optionsBrowserStyle":null,"aboutURL":null,"defaultLocale":{"name":"Default","description":"The default theme.","creator":"Mozilla","homepageURL":null,"contributors":["Mozilla Contributors"]},"visible":true,"active":true,"userDisabled":false,"appDisabled":false,"installDate":1508552164079,"updateDate":1508552164079,"applyBackgroundUpdates":1,"path":"C:\\Program Files (x86)\\Mozilla Firefox\\browser\\extensions\\{972ce4c6-7e08-4474-a285-3208198ce6fd}.xpi","skinnable":true,"size":7141,"sourceURI":null,"releaseNotesURI":null,"softDisabled":false,"foreignInstall":false,"hasBinaryComponents":false,"strictCompatibility":true,"locales":[],"targetApplications":[{"id":"{ec8030f7-c20a-464f-9b0e-13a3a9e97384}","minVersion":"56.0","maxVersion":"56.0"}],"targetPlatforms":[],"seen":true,"dependencies":[],"hasEmbeddedWebExtension":false,"userPermissions":null,"icons":{},"iconURL":"chrome://browser/content/default-theme-icon.svg","icon64URL":null,"blocklistState":0,"blocklistURL":null}
1509264046614	DeferredSave.extensions.json	DEBUG	Save changes
1509264046614	addons.xpi	DEBUG	Updating database with changes to installed add-ons
1509264046614	addons.xpi-utils	DEBUG	Updating add-on states
1509264046620	addons.xpi	DEBUG	Registering manifest for C:\Program Files (x86)\Mozilla Firefox\browser\features\activity-stream@mozilla.org.xpi
1509264046621	addons.xpi	DEBUG	Calling bootstrap method startup on activity-stream@mozilla.org version 0.0.0
1509264046622	addons.xpi	DEBUG	Registering manifest for C:\Program Files (x86)\Mozilla Firefox\browser\features\aushelper@mozilla.org.xpi
1509264046622	addons.xpi	DEBUG	Calling bootstrap method startup on aushelper@mozilla.org version 2.0
1509264046623	addons.xpi	DEBUG	Registering manifest for C:\Program Files (x86)\Mozilla Firefox\browser\features\clicktoplay-rollout@mozilla.org.xpi
1509264046624	addons.xpi	DEBUG	Calling bootstrap method startup on clicktoplay-rollout@mozilla.org version 1.4
1509264046624	addons.xpi	DEBUG	Registering manifest for C:\Program Files (x86)\Mozilla Firefox\browser\features\e10srollout@mozilla.org.xpi
1509264046625	addons.xpi	DEBUG	Calling bootstrap method startup on e10srollout@mozilla.org version 3.00
1509264046625	addons.xpi	DEBUG	Registering manifest for C:\Program Files (x86)\Mozilla Firefox\browser\features\firefox@getpocket.com.xpi
1509264046625	addons.xpi	DEBUG	Calling bootstrap method startup on firefox@getpocket.com version 1.0.5
1509264046667	addons.xpi	DEBUG	Registering manifest for C:\Program Files (x86)\Mozilla Firefox\browser\features\followonsearch@mozilla.com.xpi
1509264046667	addons.xpi	DEBUG	Calling bootstrap method startup on followonsearch@mozilla.com version 0.9.3
1509264046668	addons.xpi	DEBUG	Registering manifest for C:\Program Files (x86)\Mozilla Firefox\browser\features\formautofill@mozilla.org.xpi
1509264046668	addons.xpi	DEBUG	Calling bootstrap method startup on formautofill@mozilla.org version 1.0
1509264046669	addons.xpi	DEBUG	Registering manifest for C:\Program Files (x86)\Mozilla Firefox\browser\features\onboarding@mozilla.org.xpi
1509264046669	addons.xpi	DEBUG	Calling bootstrap method startup on onboarding@mozilla.org version 0.1
1509264046670	addons.xpi	DEBUG	Registering manifest for C:\Program Files (x86)\Mozilla Firefox\browser\features\screenshots@mozilla.org.xpi
1509264046670	addons.xpi	DEBUG	Calling bootstrap method startup on screenshots@mozilla.org version 10.12.0
1509264046671	addons.xpi	DEBUG	Registering manifest for C:\Program Files (x86)\Mozilla Firefox\browser\features\shield-recipe-client@mozilla.org.xpi
1509264046672	addons.xpi	DEBUG	Calling bootstrap method startup on shield-recipe-client@mozilla.org version 65
1509264046683	addons.xpi	DEBUG	Registering manifest for C:\Program Files (x86)\Mozilla Firefox\browser\features\webcompat@mozilla.org.xpi
1509264046683	addons.xpi	DEBUG	Calling bootstrap method startup on webcompat@mozilla.org version 1.1
1509264046693	addons.manager	DEBUG	Registering shutdown blocker for XPIProvider
1509264046693	addons.manager	DEBUG	Provider finished startup: XPIProvider
1509264046693	addons.manager	DEBUG	Starting provider: LightweightThemeManager
1509264046693	addons.manager	DEBUG	Registering shutdown blocker for LightweightThemeManager
1509264046693	addons.manager	DEBUG	Provider finished startup: LightweightThemeManager
1509264046694	addons.manager	DEBUG	Starting provider: GMPProvider
1509264046699	addons.manager	DEBUG	Registering shutdown blocker for GMPProvider
1509264046699	addons.manager	DEBUG	Provider finished startup: GMPProvider
1509264046699	addons.manager	DEBUG	Starting provider: PluginProvider
1509264046699	addons.manager	DEBUG	Registering shutdown blocker for PluginProvider
1509264046699	addons.manager	DEBUG	Provider finished startup: PluginProvider
1509264046700	addons.manager	DEBUG	Completed startup sequence
1509264046816	Marionette	INFO	Enabled via --marionette
1509264046939	addons.manager	DEBUG	Starting provider: PreviousExperimentProvider
1509264046939	addons.manager	DEBUG	Registering shutdown blocker for PreviousExperimentProvider
1509264046939	addons.manager	DEBUG	Provider finished startup: PreviousExperimentProvider
1509264046940	DeferredSave.extensions.json	DEBUG	Starting write
1509264047222	DeferredSave.webext.sc.lz4	DEBUG	Save changes
1509264047222	DeferredSave.webext.sc.lz4	DEBUG	Starting timer
1509264047240	DeferredSave.webext.sc.lz4	DEBUG	Save changes
1509264047241	DeferredSave.webext.sc.lz4	DEBUG	Save changes
1509264047244	DeferredSave.webext.sc.lz4	DEBUG	Save changes
1509264047245	DeferredSave.webext.sc.lz4	DEBUG	Save changes
1509264047247	DeferredSave.webext.sc.lz4	DEBUG	Save changes
1509264047250	DeferredSave.webext.sc.lz4	DEBUG	Save changes
1509264047251	DeferredSave.webext.sc.lz4	DEBUG	Save changes
1509264047252	DeferredSave.webext.sc.lz4	DEBUG	Save changes
1509264047254	DeferredSave.webext.sc.lz4	DEBUG	Save changes
1509264047254	DeferredSave.webext.sc.lz4	DEBUG	Save changes
1509264047255	DeferredSave.webext.sc.lz4	DEBUG	Save changes
1509264047256	DeferredSave.webext.sc.lz4	DEBUG	Save changes
1509264047257	DeferredSave.webext.sc.lz4	DEBUG	Save changes
1509264047258	DeferredSave.webext.sc.lz4	DEBUG	Save changes
1509264047259	DeferredSave.webext.sc.lz4	DEBUG	Save changes
1509264047260	DeferredSave.webext.sc.lz4	DEBUG	Save changes
1509264047260	DeferredSave.webext.sc.lz4	DEBUG	Save changes
1509264047261	DeferredSave.webext.sc.lz4	DEBUG	Save changes
1509264047261	DeferredSave.webext.sc.lz4	DEBUG	Save changes
1509264047262	DeferredSave.webext.sc.lz4	DEBUG	Save changes
1509264047265	DeferredSave.webext.sc.lz4	DEBUG	Save changes
1509264047265	DeferredSave.webext.sc.lz4	DEBUG	Save changes
1509264047266	DeferredSave.webext.sc.lz4	DEBUG	Save changes
1509264047267	DeferredSave.webext.sc.lz4	DEBUG	Save changes
1509264047267	DeferredSave.webext.sc.lz4	DEBUG	Save changes
1509264047268	DeferredSave.webext.sc.lz4	DEBUG	Save changes
1509264047268	DeferredSave.webext.sc.lz4	DEBUG	Save changes
1509264047269	DeferredSave.webext.sc.lz4	DEBUG	Save changes
1509264047270	DeferredSave.webext.sc.lz4	DEBUG	Save changes
1509264047271	DeferredSave.webext.sc.lz4	DEBUG	Save changes
1509264047272	DeferredSave.webext.sc.lz4	DEBUG	Save changes
1509264047272	DeferredSave.webext.sc.lz4	DEBUG	Save changes
1509264047274	DeferredSave.webext.sc.lz4	DEBUG	Save changes
1509264047275	DeferredSave.webext.sc.lz4	DEBUG	Save changes
1509264047275	DeferredSave.webext.sc.lz4	DEBUG	Save changes
1509264047276	DeferredSave.webext.sc.lz4	DEBUG	Save changes
1509264047276	DeferredSave.webext.sc.lz4	DEBUG	Save changes
1509264047277	DeferredSave.webext.sc.lz4	DEBUG	Save changes
1509264047279	DeferredSave.webext.sc.lz4	DEBUG	Save changes
1509264047282	DeferredSave.webext.sc.lz4	DEBUG	Save changes
1509264047283	DeferredSave.webext.sc.lz4	DEBUG	Save changes
1509264047285	DeferredSave.webext.sc.lz4	DEBUG	Save changes
1509264047286	DeferredSave.webext.sc.lz4	DEBUG	Save changes
1509264047287	DeferredSave.webext.sc.lz4	DEBUG	Save changes
1509264047290	DeferredSave.webext.sc.lz4	DEBUG	Save changes
1509264047291	DeferredSave.webext.sc.lz4	DEBUG	Save changes
1509264047291	DeferredSave.webext.sc.lz4	DEBUG	Save changes
1509264047295	DeferredSave.webext.sc.lz4	DEBUG	Save changes
1509264047298	DeferredSave.extensions.json	DEBUG	Write succeeded
1509264047298	addons.xpi-utils	DEBUG	XPI Database saved, setting schema version preference to 22
1509264047305	DeferredSave.webext.sc.lz4	DEBUG	Save changes
1509264047306	DeferredSave.webext.sc.lz4	DEBUG	Save changes
1509264047344	DeferredSave.webext.sc.lz4	DEBUG	Save changes
1509264047550	DeferredSave.webext.sc.lz4	DEBUG	Save changes
[Child 5952] WARNING: pipe error: 109: file z:/build/build/src/ipc/chromium/src/chrome/common/ipc_channel_win.cc, line 346
[Child 5952] WARNING: pipe error: 109: file z:/build/build/src/ipc/chromium/src/chrome/common/ipc_channel_win.cc, line 346
1509264048090	addons.manager	DEBUG	Starting provider: <unnamed-provider>
1509264048090	addons.manager	DEBUG	Registering shutdown blocker for <unnamed-provider>
1509264048090	addons.manager	DEBUG	Provider finished startup: <unnamed-provider>
1509264048092	addons.xpi	INFO	Mapping activity-stream@mozilla.org to C:\Program Files (x86)\Mozilla Firefox\browser\features\activity-stream@mozilla.org.xpi
1509264048092	addons.xpi	INFO	Mapping aushelper@mozilla.org to C:\Program Files (x86)\Mozilla Firefox\browser\features\aushelper@mozilla.org.xpi
1509264048092	addons.xpi	INFO	Mapping clicktoplay-rollout@mozilla.org to C:\Program Files (x86)\Mozilla Firefox\browser\features\clicktoplay-rollout@mozilla.org.xpi
1509264048093	addons.xpi	INFO	Mapping e10srollout@mozilla.org to C:\Program Files (x86)\Mozilla Firefox\browser\features\e10srollout@mozilla.org.xpi
1509264048093	addons.xpi	INFO	Mapping firefox@getpocket.com to C:\Program Files (x86)\Mozilla Firefox\browser\features\firefox@getpocket.com.xpi
1509264048093	addons.xpi	INFO	Mapping followonsearch@mozilla.com to C:\Program Files (x86)\Mozilla Firefox\browser\features\followonsearch@mozilla.com.xpi
1509264048093	addons.xpi	INFO	Mapping formautofill@mozilla.org to C:\Program Files (x86)\Mozilla Firefox\browser\features\formautofill@mozilla.org.xpi
1509264048093	addons.xpi	INFO	Mapping onboarding@mozilla.org to C:\Program Files (x86)\Mozilla Firefox\browser\features\onboarding@mozilla.org.xpi
1509264048093	addons.xpi	INFO	Mapping screenshots@mozilla.org to C:\Program Files (x86)\Mozilla Firefox\browser\features\screenshots@mozilla.org.xpi
1509264048094	addons.xpi	INFO	Mapping shield-recipe-client@mozilla.org to C:\Program Files (x86)\Mozilla Firefox\browser\features\shield-recipe-client@mozilla.org.xpi
1509264048094	addons.xpi	INFO	Mapping webcompat@mozilla.org to C:\Program Files (x86)\Mozilla Firefox\browser\features\webcompat@mozilla.org.xpi
1509264048095	addons.xpi	DEBUG	Existing add-on activity-stream@mozilla.org in app-system-defaults
1509264048095	addons.xpi	DEBUG	Existing add-on aushelper@mozilla.org in app-system-defaults
1509264048096	addons.xpi	DEBUG	Existing add-on clicktoplay-rollout@mozilla.org in app-system-defaults
1509264048096	addons.xpi	DEBUG	Existing add-on e10srollout@mozilla.org in app-system-defaults
1509264048097	addons.xpi	DEBUG	Existing add-on firefox@getpocket.com in app-system-defaults
1509264048097	addons.xpi	DEBUG	Existing add-on followonsearch@mozilla.com in app-system-defaults
1509264048097	addons.xpi	DEBUG	Existing add-on formautofill@mozilla.org in app-system-defaults
1509264048097	addons.xpi	DEBUG	Existing add-on onboarding@mozilla.org in app-system-defaults
1509264048098	addons.xpi	DEBUG	Existing add-on screenshots@mozilla.org in app-system-defaults
1509264048098	addons.xpi	DEBUG	Existing add-on shield-recipe-client@mozilla.org in app-system-defaults
1509264048098	addons.xpi	DEBUG	Existing add-on webcompat@mozilla.org in app-system-defaults
1509264048099	addons.xpi	INFO	Mapping {972ce4c6-7e08-4474-a285-3208198ce6fd} to C:\Program Files (x86)\Mozilla Firefox\browser\extensions\{972ce4c6-7e08-4474-a285-3208198ce6fd}.xpi
1509264048099	addons.xpi	DEBUG	Existing add-on {972ce4c6-7e08-4474-a285-3208198ce6fd} in app-global
1509264048099	addons.xpi	DEBUG	getInstallState changed: false, state: {}
1509264048213	Marionette	INFO	Listening on port 5609
1509264048263	Marionette	WARN	TLS certificate errors will be ignored for this session
1509264048326	Marionette	DEBUG	Register listener.js for window 4294967297
1509264048382	addons.productaddons	INFO	sending request to: https://aus5.mozilla.org/update/3/GMP/56.0/20170926190823/WINNT_x86-msvc-x64/zh-CN/release-cck-mozillaonline/Windows_NT%206.1.1.0%20(x64)/MozillaOnline/2017.5/update.xml
1509264048407	Marionette	DEBUG	Received DOM event "beforeunload" for "about:blank"
1509264048603	Marionette	DEBUG	Received DOM event "pagehide" for "about:blank"
1509264048603	Marionette	DEBUG	Received DOM event "unload" for "about:blank"
1509264048741	Marionette	DEBUG	Received DOM event "DOMContentLoaded" for "http://localhost/bugfree/index.php/site/login"
1509264048744	Marionette	DEBUG	Received DOM event "pageshow" for "http://localhost/bugfree/index.php/site/login"
1509264048928	Marionette	DEBUG	Received DOM event "beforeunload" for "http://localhost/bugfree/index.php/site/login"
1509264049005	Marionette	DEBUG	Received DOM event "pagehide" for "http://localhost/bugfree/index.php/site/login"
1509264049006	Marionette	DEBUG	Received DOM event "unload" for "http://localhost/bugfree/index.php/site/login"
1509264049043	Marionette	DEBUG	Received DOM event "DOMContentLoaded" for "http://localhost/bugfree/index.php/site/login"
1509264049051	Marionette	DEBUG	Received DOM event "pageshow" for "http://localhost/bugfree/index.php/site/login"
1509264052075	Marionette	INFO	New connections will no longer be accepted
1509264052090	addons.xpi	DEBUG	Calling bootstrap method shutdown on webcompat@mozilla.org version 1.1
1509264052091	addons.xpi	DEBUG	Calling bootstrap method shutdown on shield-recipe-client@mozilla.org version 65
1509264052091	addons.xpi	DEBUG	Calling bootstrap method shutdown on screenshots@mozilla.org version 10.12.0
1509264052096	addons.xpi	DEBUG	Calling bootstrap method shutdown on onboarding@mozilla.org version 0.1
1509264052096	addons.xpi	DEBUG	Calling bootstrap method shutdown on formautofill@mozilla.org version 1.0
1509264052096	addons.xpi	DEBUG	Calling bootstrap method shutdown on followonsearch@mozilla.com version 0.9.3
1509264052097	addons.xpi	DEBUG	Calling bootstrap method shutdown on firefox@getpocket.com version 1.0.5
1509264052097	addons.xpi	DEBUG	Calling bootstrap method shutdown on e10srollout@mozilla.org version 3.00
1509264052097	addons.xpi	DEBUG	Calling bootstrap method shutdown on clicktoplay-rollout@mozilla.org version 1.4
1509264052097	addons.xpi	DEBUG	Calling bootstrap method shutdown on aushelper@mozilla.org version 2.0
1509264052098	addons.xpi	DEBUG	Calling bootstrap method shutdown on activity-stream@mozilla.org version 0.0.0
UG	Calling bootstrap method shutdown on e10srollout@mozilla.org version 3.00
1509264044056	addons.xpi	DEBUG	Calling bootstrap method shutdown on clicktoplay-rollout@mozilla.org version 1.4
1509264044057	addons.xpi	DEBUG	Calling bootstrap method shutdown on aushelper@mozilla.org version 2.0
1509264044057	addons.xpi	DEBUG	Calling bootstrap method shutdown on activity-stream@mozilla.org version 0.0.0
 3.00
1509263857617	addons.xpi	DEBUG	Calling bootstrap method shutdown on clicktoplay-rollout@mozilla.org version 1.4
1509263857618	addons.xpi	DEBUG	Calling bootstrap method shutdown on aushelper@mozilla.org version 2.0
1509263857619	addons.xpi	DEBUG	Calling bootstrap method shutdown on activity-stream@mozilla.org version 0.0.0
[Child 6924] WARNING: pipe error: 109: file z:/build/build/src/ipc/chromium/src/chrome/common/ipc_channel_win.cc, line 346
[[Parent 7268] WARNING: pipe error: 109: file z:/build/build/src/ipc/chromium/src/chrome/common/ipc_channel_win.cc, line 346[C[Child 7816] WARNING: pipe error: 109: file z:/build/build/src/ipc/chromium/src/chrome/common/ipc_channel_win.cc, line 346
1509263857722	addons.manager	DEBUG	shutdown
1509263857723	addons.manager	DEBUG	Calling shutdown blocker for XPIProvider
1509263857723	addons.xpi	DEBUG	shutdown
1509263857723	addons.xpi-utils	DEBUG	shutdown
1509263857723	addons.manager	DEBUG	Calling shutdown blocker for LightweightThemeManager
1509263857723	addons.manager	DEBUG	Calling shutdown blocker for GMPProvider
1509263857724	addons.manager	DEBUG	Calling shutdown blocker for PluginProvider
1509263857724	addons.manager	DEBUG	Calling shutdown blocker for PreviousExperimentProvider
1509263857724	addons.manager	DEBUG	Calling shutdown blocker for <unnamed-provider>
1509263857734	addons.manager	DEBUG	Async provider shutdown done
r	DEBUG	Calling shutdown blocker for <unnamed-provider>
1509263857729	addons.manager	DEBUG	Async provider shutdown done

