1509762862563	geckodriver	INFO	geckodriver 0.18.0
1509762862574	geckodriver	INFO	Listening on 127.0.0.1:3001
1509762864628	geckodriver::marionette	INFO	Starting browser C:\Program Files (x86)\Mozilla Firefox\firefox.exe with args ["-marionette"]
1509762864912	addons.manager	DEBUG	Application has been upgraded
1509762864938	addons.manager	DEBUG	Loaded provider scope for resource://gre/modules/addons/XPIProvider.jsm: ["XPIProvider", "XPIInternal"]
1509762864942	addons.manager	DEBUG	Loaded provider scope for resource://gre/modules/LightweightThemeManager.jsm: ["LightweightThemeManager"]
1509762864971	addons.manager	DEBUG	Loaded provider scope for resource://gre/modules/addons/GMPProvider.jsm
1509762864974	addons.manager	DEBUG	Loaded provider scope for resource://gre/modules/addons/PluginProvider.jsm
1509762864974	addons.manager	DEBUG	Starting provider: XPIProvider
1509762864974	addons.xpi	DEBUG	startup
1509762864975	addons.xpi	INFO	SystemAddonInstallLocation directory is missing
1509762864975	addons.xpi	INFO	Removing all system add-on upgrades.
1509762864976	addons.xpi	DEBUG	checkForChanges
1509762864976	addons.xpi	WARN	Error parsing extensions state: [Exception... "Component returned failure code: 0x80520012 (NS_ERROR_FILE_NOT_FOUND) [amIAddonManagerStartup.readStartupData]"  nsresult: "0x80520012 (NS_ERROR_FILE_NOT_FOUND)"  location: "JS frame :: resource://gre/modules/addons/XPIProvider.jsm :: loadExtensionState :: line 1554"  data: no] Stack trace: loadExtensionState()@resource://gre/modules/addons/XPIProvider.jsm:1554 < getInstallState()@resource://gre/modules/addons/XPIProvider.jsm:1589 < checkForChanges()@resource://gre/modules/addons/XPIProvider.jsm:3109 < startup()@resource://gre/modules/addons/XPIProvider.jsm:2188 < callProvider()@resource://gre/modules/AddonManager.jsm:269 < _startProvider()@resource://gre/modules/AddonManager.jsm:739 < startup()@resource://gre/modules/AddonManager.jsm:906 < startup()@resource://gre/modules/AddonManager.jsm:3090 < observe()@jar:file:///C:/Program%20Files%20(x86)/Mozilla%20Firefox/omni.ja!/components/addonManager.js:65
1509762864978	addons.xpi	DEBUG	Loaded add-on state: ${}
1509762864980	addons.xpi	INFO	Mapping activity-stream@mozilla.org to C:\Program Files (x86)\Mozilla Firefox\browser\features\activity-stream@mozilla.org.xpi
1509762864980	addons.xpi	INFO	Mapping aushelper@mozilla.org to C:\Program Files (x86)\Mozilla Firefox\browser\features\aushelper@mozilla.org.xpi
1509762864980	addons.xpi	INFO	Mapping clicktoplay-rollout@mozilla.org to C:\Program Files (x86)\Mozilla Firefox\browser\features\clicktoplay-rollout@mozilla.org.xpi
1509762864980	addons.xpi	INFO	Mapping e10srollout@mozilla.org to C:\Program Files (x86)\Mozilla Firefox\browser\features\e10srollout@mozilla.org.xpi
1509762864980	addons.xpi	INFO	Mapping firefox@getpocket.com to C:\Program Files (x86)\Mozilla Firefox\browser\features\firefox@getpocket.com.xpi
1509762864981	addons.xpi	INFO	Mapping followonsearch@mozilla.com to C:\Program Files (x86)\Mozilla Firefox\browser\features\followonsearch@mozilla.com.xpi
1509762864981	addons.xpi	INFO	Mapping formautofill@mozilla.org to C:\Program Files (x86)\Mozilla Firefox\browser\features\formautofill@mozilla.org.xpi
1509762864981	addons.xpi	INFO	Mapping onboarding@mozilla.org to C:\Program Files (x86)\Mozilla Firefox\browser\features\onboarding@mozilla.org.xpi
1509762864982	addons.xpi	INFO	Mapping screenshots@mozilla.org to C:\Program Files (x86)\Mozilla Firefox\browser\features\screenshots@mozilla.org.xpi
1509762864982	addons.xpi	INFO	Mapping shield-recipe-client@mozilla.org to C:\Program Files (x86)\Mozilla Firefox\browser\features\shield-recipe-client@mozilla.org.xpi
1509762864983	addons.xpi	INFO	Mapping webcompat@mozilla.org to C:\Program Files (x86)\Mozilla Firefox\browser\features\webcompat@mozilla.org.xpi
1509762864983	addons.xpi	DEBUG	New add-on activity-stream@mozilla.org in app-system-defaults
1509762864984	addons.xpi	INFO	Mapping activity-stream@mozilla.org to C:\Program Files (x86)\Mozilla Firefox\browser\features\activity-stream@mozilla.org.xpi
1509762864984	addons.xpi	DEBUG	New add-on aushelper@mozilla.org in app-system-defaults
1509762864985	addons.xpi	INFO	Mapping aushelper@mozilla.org to C:\Program Files (x86)\Mozilla Firefox\browser\features\aushelper@mozilla.org.xpi
1509762864985	addons.xpi	DEBUG	New add-on clicktoplay-rollout@mozilla.org in app-system-defaults
1509762864985	addons.xpi	INFO	Mapping clicktoplay-rollout@mozilla.org to C:\Program Files (x86)\Mozilla Firefox\browser\features\clicktoplay-rollout@mozilla.org.xpi
1509762864986	addons.xpi	DEBUG	New add-on e10srollout@mozilla.org in app-system-defaults
1509762864986	addons.xpi	INFO	Mapping e10srollout@mozilla.org to C:\Program Files (x86)\Mozilla Firefox\browser\features\e10srollout@mozilla.org.xpi
1509762864986	addons.xpi	DEBUG	New add-on firefox@getpocket.com in app-system-defaults
1509762864986	addons.xpi	INFO	Mapping firefox@getpocket.com to C:\Program Files (x86)\Mozilla Firefox\browser\features\firefox@getpocket.com.xpi
1509762864986	addons.xpi	DEBUG	New add-on followonsearch@mozilla.com in app-system-defaults
1509762864986	addons.xpi	INFO	Mapping followonsearch@mozilla.com to C:\Program Files (x86)\Mozilla Firefox\browser\features\followonsearch@mozilla.com.xpi
1509762864987	addons.xpi	DEBUG	New add-on formautofill@mozilla.org in app-system-defaults
1509762864987	addons.xpi	INFO	Mapping formautofill@mozilla.org to C:\Program Files (x86)\Mozilla Firefox\browser\features\formautofill@mozilla.org.xpi
1509762864987	addons.xpi	DEBUG	New add-on onboarding@mozilla.org in app-system-defaults
1509762864987	addons.xpi	INFO	Mapping onboarding@mozilla.org to C:\Program Files (x86)\Mozilla Firefox\browser\features\onboarding@mozilla.org.xpi
1509762864987	addons.xpi	DEBUG	New add-on screenshots@mozilla.org in app-system-defaults
1509762864988	addons.xpi	INFO	Mapping screenshots@mozilla.org to C:\Program Files (x86)\Mozilla Firefox\browser\features\screenshots@mozilla.org.xpi
1509762864988	addons.xpi	DEBUG	New add-on shield-recipe-client@mozilla.org in app-system-defaults
1509762864988	addons.xpi	INFO	Mapping shield-recipe-client@mozilla.org to C:\Program Files (x86)\Mozilla Firefox\browser\features\shield-recipe-client@mozilla.org.xpi
1509762864988	addons.xpi	DEBUG	New add-on webcompat@mozilla.org in app-system-defaults
1509762864988	addons.xpi	INFO	Mapping webcompat@mozilla.org to C:\Program Files (x86)\Mozilla Firefox\browser\features\webcompat@mozilla.org.xpi
1509762864989	addons.xpi	INFO	Mapping {972ce4c6-7e08-4474-a285-3208198ce6fd} to C:\Program Files (x86)\Mozilla Firefox\browser\extensions\{972ce4c6-7e08-4474-a285-3208198ce6fd}.xpi
1509762864989	addons.xpi	DEBUG	New add-on {972ce4c6-7e08-4474-a285-3208198ce6fd} in app-global
1509762864989	addons.xpi	INFO	Mapping {972ce4c6-7e08-4474-a285-3208198ce6fd} to C:\Program Files (x86)\Mozilla Firefox\browser\extensions\{972ce4c6-7e08-4474-a285-3208198ce6fd}.xpi
1509762864990	addons.xpi	DEBUG	getInstallState changed: true, state: {}
1509762864990	addons.xpi	INFO	SystemAddonInstallLocation directory is missing
1509762865001	addons.xpi-utils	DEBUG	Opening XPI database C:\Users\Administrator\AppData\Local\Temp\rust_mozprofile.OCKDW89oPdZe\extensions.json
1509762865003	addons.xpi-utils	DEBUG	New add-on activity-stream@mozilla.org installed in app-system-defaults
*** Blocklist::_loadBlocklistFromFile: blocklist is disabled
1509762865032	DeferredSave.extensions.json	DEBUG	Save changes
1509762865033	addons.xpi-utils	DEBUG	New add-on aushelper@mozilla.org installed in app-system-defaults
1509762865035	DeferredSave.extensions.json	DEBUG	Starting timer
1509762865038	DeferredSave.extensions.json	DEBUG	Save changes
1509762865038	addons.xpi-utils	DEBUG	New add-on clicktoplay-rollout@mozilla.org installed in app-system-defaults
1509762865041	DeferredSave.extensions.json	DEBUG	Save changes
1509762865041	addons.xpi-utils	DEBUG	New add-on e10srollout@mozilla.org installed in app-system-defaults
1509762865045	DeferredSave.extensions.json	DEBUG	Save changes
1509762865046	addons.xpi-utils	DEBUG	New add-on firefox@getpocket.com installed in app-system-defaults
1509762865050	DeferredSave.extensions.json	DEBUG	Save changes
1509762865050	addons.xpi-utils	DEBUG	New add-on followonsearch@mozilla.com installed in app-system-defaults
1509762865054	DeferredSave.extensions.json	DEBUG	Save changes
1509762865054	addons.xpi-utils	DEBUG	New add-on formautofill@mozilla.org installed in app-system-defaults
1509762865057	DeferredSave.extensions.json	DEBUG	Save changes
1509762865057	addons.xpi-utils	DEBUG	New add-on onboarding@mozilla.org installed in app-system-defaults
1509762865060	DeferredSave.extensions.json	DEBUG	Save changes
1509762865060	addons.xpi-utils	DEBUG	New add-on screenshots@mozilla.org installed in app-system-defaults
1509762865068	DeferredSave.extensions.json	DEBUG	Save changes
1509762865068	addons.xpi-utils	DEBUG	New add-on shield-recipe-client@mozilla.org installed in app-system-defaults
1509762865071	DeferredSave.extensions.json	DEBUG	Save changes
1509762865072	addons.xpi-utils	DEBUG	New add-on webcompat@mozilla.org installed in app-system-defaults
1509762865077	DeferredSave.extensions.json	DEBUG	Save changes
1509762865077	addons.xpi-utils	DEBUG	New add-on {972ce4c6-7e08-4474-a285-3208198ce6fd} installed in app-global
1509762865080	DeferredSave.extensions.json	DEBUG	Save changes
1509762865081	addons.manager	DEBUG	Registering startup change 'installed' for activity-stream@mozilla.org
1509762865090	addons.xpi	DEBUG	Loading bootstrap scope from C:\Program Files (x86)\Mozilla Firefox\browser\features\activity-stream@mozilla.org.xpi
1509762865093	addons.xpi	DEBUG	Calling bootstrap method install on activity-stream@mozilla.org version 0.0.0
1509762865093	addons.xpi-utils	DEBUG	Make addon app-system-defaults:activity-stream@mozilla.org visible
1509762865094	addons.xpi	DEBUG	Updating XPIState for {"id":"activity-stream@mozilla.org","syncGUID":"{3acb3adc-c0e7-4f12-ba03-1bad2938aea4}","location":"app-system-defaults","version":"0.0.0","type":"extension","internalName":null,"updateURL":null,"updateKey":null,"optionsURL":null,"optionsType":null,"aboutURL":null,"defaultLocale":{"name":"Activity Stream","description":"A rich visual history feed and a reimagined home page make it easier than ever to find exactly what you're looking for in Firefox.","creator":null,"homepageURL":null},"visible":true,"active":false,"userDisabled":false,"appDisabled":false,"installDate":1508552164078,"updateDate":1508552164078,"applyBackgroundUpdates":1,"bootstrap":true,"path":"C:\\Program Files (x86)\\Mozilla Firefox\\browser\\features\\activity-stream@mozilla.org.xpi","skinnable":false,"size":1280296,"sourceURI":null,"releaseNotesURI":null,"softDisabled":false,"foreignInstall":false,"hasBinaryComponents":false,"strictCompatibility":false,"locales":[],"targetApplications":[{"id":"{ec8030f7-c20a-464f-9b0e-13a3a9e97384}","minVersion":"56.0","maxVersion":"56.*"}],"targetPlatforms":[],"multiprocessCompatible":true,"seen":true,"dependencies":[],"hasEmbeddedWebExtension":false,"mpcOptedOut":false,"userPermissions":null,"icons":{},"iconURL":null,"icon64URL":null,"blocklistState":0,"blocklistURL":null}
1509762865096	DeferredSave.extensions.json	DEBUG	Save changes
1509762865096	addons.manager	DEBUG	Registering startup change 'installed' for aushelper@mozilla.org
1509762865097	addons.xpi	DEBUG	Loading bootstrap scope from C:\Program Files (x86)\Mozilla Firefox\browser\features\aushelper@mozilla.org.xpi
1509762865100	addons.xpi	DEBUG	Calling bootstrap method install on aushelper@mozilla.org version 2.0
1509762865100	addons.xpi-utils	DEBUG	Make addon app-system-defaults:aushelper@mozilla.org visible
1509762865100	addons.xpi	DEBUG	Updating XPIState for {"id":"aushelper@mozilla.org","syncGUID":"{8a9e2e39-2b82-43ad-b245-35a547c460b6}","location":"app-system-defaults","version":"2.0","type":"extension","internalName":null,"updateURL":null,"updateKey":null,"optionsURL":null,"optionsType":null,"aboutURL":null,"defaultLocale":{"name":"Application Update Service Helper","description":"Sets value(s) in the update url based on custom checks.","creator":null,"homepageURL":null},"visible":true,"active":false,"userDisabled":false,"appDisabled":false,"installDate":1508552164006,"updateDate":1508552164006,"applyBackgroundUpdates":1,"bootstrap":true,"path":"C:\\Program Files (x86)\\Mozilla Firefox\\browser\\features\\aushelper@mozilla.org.xpi","skinnable":false,"size":8486,"sourceURI":null,"releaseNotesURI":null,"softDisabled":false,"foreignInstall":false,"hasBinaryComponents":false,"strictCompatibility":false,"locales":[],"targetApplications":[{"id":"{ec8030f7-c20a-464f-9b0e-13a3a9e97384}","minVersion":"56.0","maxVersion":"56.*"}],"targetPlatforms":[],"multiprocessCompatible":true,"seen":true,"dependencies":[],"hasEmbeddedWebExtension":false,"mpcOptedOut":false,"userPermissions":null,"icons":{},"iconURL":null,"icon64URL":null,"blocklistState":0,"blocklistURL":null}
1509762865101	DeferredSave.extensions.json	DEBUG	Save changes
1509762865101	addons.manager	DEBUG	Registering startup change 'installed' for clicktoplay-rollout@mozilla.org
1509762865101	addons.xpi	DEBUG	Loading bootstrap scope from C:\Program Files (x86)\Mozilla Firefox\browser\features\clicktoplay-rollout@mozilla.org.xpi
1509762865113	addons.xpi	DEBUG	Calling bootstrap method install on clicktoplay-rollout@mozilla.org version 1.4
1509762865113	addons.xpi-utils	DEBUG	Make addon app-system-defaults:clicktoplay-rollout@mozilla.org visible
1509762865113	addons.xpi	DEBUG	Updating XPIState for {"id":"clicktoplay-rollout@mozilla.org","syncGUID":"{a4d21f70-1a79-4812-ac27-34c9fd0b05df}","location":"app-system-defaults","version":"1.4","type":"extension","internalName":null,"updateURL":null,"updateKey":null,"optionsURL":null,"optionsType":null,"aboutURL":null,"defaultLocale":{"name":"Click-to-Play staged rollout","description":"Staged rollout for Click-to-Play Flash.","creator":null,"homepageURL":null},"visible":true,"active":false,"userDisabled":false,"appDisabled":false,"installDate":1508552164005,"updateDate":1508552164005,"applyBackgroundUpdates":1,"bootstrap":true,"path":"C:\\Program Files (x86)\\Mozilla Firefox\\browser\\features\\clicktoplay-rollout@mozilla.org.xpi","skinnable":false,"size":5779,"sourceURI":null,"releaseNotesURI":null,"softDisabled":false,"foreignInstall":false,"hasBinaryComponents":false,"strictCompatibility":false,"locales":[],"targetApplications":[{"id":"{ec8030f7-c20a-464f-9b0e-13a3a9e97384}","minVersion":"56.0","maxVersion":"56.*"}],"targetPlatforms":[],"multiprocessCompatible":true,"seen":true,"dependencies":[],"hasEmbeddedWebExtension":false,"mpcOptedOut":false,"userPermissions":null,"icons":{},"iconURL":null,"icon64URL":null,"blocklistState":0,"blocklistURL":null}
1509762865114	DeferredSave.extensions.json	DEBUG	Save changes
1509762865114	addons.manager	DEBUG	Registering startup change 'installed' for e10srollout@mozilla.org
1509762865115	addons.xpi	DEBUG	Loading bootstrap scope from C:\Program Files (x86)\Mozilla Firefox\browser\features\e10srollout@mozilla.org.xpi
1509762865117	addons.xpi	DEBUG	Calling bootstrap method install on e10srollout@mozilla.org version 3.00
1509762865119	addons.xpi-utils	DEBUG	Make addon app-system-defaults:e10srollout@mozilla.org visible
1509762865119	addons.xpi	DEBUG	Updating XPIState for {"id":"e10srollout@mozilla.org","syncGUID":"{fe7f9bd7-785b-4936-8eba-9a8e7df8765a}","location":"app-system-defaults","version":"3.00","type":"extension","internalName":null,"updateURL":null,"updateKey":null,"optionsURL":null,"optionsType":null,"aboutURL":null,"defaultLocale":{"name":"Multi-process staged rollout","description":"Staged rollout of Firefox multi-process feature.","creator":null,"homepageURL":null},"visible":true,"active":false,"userDisabled":false,"appDisabled":false,"installDate":1508552164004,"updateDate":1508552164004,"applyBackgroundUpdates":1,"bootstrap":true,"path":"C:\\Program Files (x86)\\Mozilla Firefox\\browser\\features\\e10srollout@mozilla.org.xpi","skinnable":false,"size":13710,"sourceURI":null,"releaseNotesURI":null,"softDisabled":false,"foreignInstall":false,"hasBinaryComponents":false,"strictCompatibility":false,"locales":[],"targetApplications":[{"id":"{ec8030f7-c20a-464f-9b0e-13a3a9e97384}","minVersion":"56.0","maxVersion":"56.*"}],"targetPlatforms":[],"multiprocessCompatible":true,"seen":true,"dependencies":[],"hasEmbeddedWebExtension":false,"mpcOptedOut":false,"userPermissions":null,"icons":{},"iconURL":null,"icon64URL":null,"blocklistState":0,"blocklistURL":null}
1509762865119	DeferredSave.extensions.json	DEBUG	Save changes
1509762865120	addons.manager	DEBUG	Registering startup change 'installed' for firefox@getpocket.com
1509762865120	addons.xpi	DEBUG	Loading bootstrap scope from C:\Program Files (x86)\Mozilla Firefox\browser\features\firefox@getpocket.com.xpi
1509762865126	addons.xpi	DEBUG	Calling bootstrap method install on firefox@getpocket.com version 1.0.5
1509762865126	addons.xpi-utils	DEBUG	Make addon app-system-defaults:firefox@getpocket.com visible
1509762865126	addons.xpi	DEBUG	Updating XPIState for {"id":"firefox@getpocket.com","syncGUID":"{71946a6f-8fb5-4bb1-9fd6-34a1412dc6a4}","location":"app-system-defaults","version":"1.0.5","type":"extension","internalName":null,"updateURL":null,"updateKey":null,"optionsURL":null,"optionsType":null,"aboutURL":null,"defaultLocale":{"name":"Pocket","description":"When you find something you want to view later, put it in Pocket.","creator":null,"homepageURL":null},"visible":true,"active":false,"userDisabled":false,"appDisabled":false,"installDate":1508552164003,"updateDate":1508552164003,"applyBackgroundUpdates":1,"bootstrap":true,"path":"C:\\Program Files (x86)\\Mozilla Firefox\\browser\\features\\firefox@getpocket.com.xpi","skinnable":false,"size":1002093,"sourceURI":null,"releaseNotesURI":null,"softDisabled":false,"foreignInstall":false,"hasBinaryComponents":false,"strictCompatibility":false,"locales":[],"targetApplications":[{"id":"{ec8030f7-c20a-464f-9b0e-13a3a9e97384}","minVersion":"56.0","maxVersion":"56.*"}],"targetPlatforms":[],"multiprocessCompatible":true,"seen":true,"dependencies":[],"hasEmbeddedWebExtension":false,"mpcOptedOut":false,"userPermissions":null,"icons":{},"iconURL":null,"icon64URL":null,"blocklistState":0,"blocklistURL":null}
1509762865127	DeferredSave.extensions.json	DEBUG	Save changes
1509762865127	addons.manager	DEBUG	Registering startup change 'installed' for followonsearch@mozilla.com
1509762865128	addons.xpi	DEBUG	Loading bootstrap scope from C:\Program Files (x86)\Mozilla Firefox\browser\features\followonsearch@mozilla.com.xpi
1509762865131	addons.xpi	DEBUG	Calling bootstrap method install on followonsearch@mozilla.com version 0.9.3
1509762865131	addons.xpi-utils	DEBUG	Make addon app-system-defaults:followonsearch@mozilla.com visible
1509762865131	addons.xpi	DEBUG	Updating XPIState for {"id":"followonsearch@mozilla.com","syncGUID":"{f696ef7a-6934-4316-ba81-eca2fb342fe6}","location":"app-system-defaults","version":"0.9.3","type":"extension","internalName":null,"updateURL":null,"updateKey":null,"optionsURL":null,"optionsType":null,"aboutURL":null,"defaultLocale":{"name":"Follow-on Search Telemetry","description":null,"creator":null,"homepageURL":null},"visible":true,"active":false,"userDisabled":false,"appDisabled":false,"installDate":1508552163936,"updateDate":1508552163936,"applyBackgroundUpdates":1,"bootstrap":true,"path":"C:\\Program Files (x86)\\Mozilla Firefox\\browser\\features\\followonsearch@mozilla.com.xpi","skinnable":false,"size":16802,"sourceURI":null,"releaseNotesURI":null,"softDisabled":false,"foreignInstall":false,"hasBinaryComponents":false,"strictCompatibility":false,"locales":[],"targetApplications":[{"id":"{ec8030f7-c20a-464f-9b0e-13a3a9e97384}","minVersion":"52.0","maxVersion":"59.*"}],"targetPlatforms":[],"multiprocessCompatible":true,"seen":true,"dependencies":[],"hasEmbeddedWebExtension":false,"mpcOptedOut":false,"userPermissions":null,"icons":{},"iconURL":null,"icon64URL":null,"blocklistState":0,"blocklistURL":null}
1509762865132	DeferredSave.extensions.json	DEBUG	Save changes
1509762865132	addons.manager	DEBUG	Registering startup change 'installed' for formautofill@mozilla.org
1509762865132	addons.xpi	DEBUG	Loading bootstrap scope from C:\Program Files (x86)\Mozilla Firefox\browser\features\formautofill@mozilla.org.xpi
1509762865135	addons.xpi	DEBUG	Calling bootstrap method install on formautofill@mozilla.org version 1.0
1509762865135	addons.xpi-utils	DEBUG	Make addon app-system-defaults:formautofill@mozilla.org visible
1509762865135	addons.xpi	DEBUG	Updating XPIState for {"id":"formautofill@mozilla.org","syncGUID":"{73db3ba6-d944-46b9-849a-0b07fbf9b1cb}","location":"app-system-defaults","version":"1.0","type":"extension","internalName":null,"updateURL":null,"updateKey":null,"optionsURL":null,"optionsType":null,"aboutURL":null,"defaultLocale":{"name":"Form Autofill","description":"Autofill forms with saved profiles","creator":null,"homepageURL":null},"visible":true,"active":false,"userDisabled":false,"appDisabled":false,"installDate":1508552163935,"updateDate":1508552163935,"applyBackgroundUpdates":1,"bootstrap":true,"path":"C:\\Program Files (x86)\\Mozilla Firefox\\browser\\features\\formautofill@mozilla.org.xpi","skinnable":false,"size":335585,"sourceURI":null,"releaseNotesURI":null,"softDisabled":false,"foreignInstall":false,"hasBinaryComponents":false,"strictCompatibility":false,"locales":[],"targetApplications":[{"id":"{ec8030f7-c20a-464f-9b0e-13a3a9e97384}","minVersion":"56.0","maxVersion":"56.*"}],"targetPlatforms":[],"multiprocessCompatible":true,"seen":true,"dependencies":[],"hasEmbeddedWebExtension":false,"mpcOptedOut":false,"userPermissions":null,"icons":{},"iconURL":null,"icon64URL":null,"blocklistState":0,"blocklistURL":null}
1509762865135	DeferredSave.extensions.json	DEBUG	Save changes
1509762865136	addons.manager	DEBUG	Registering startup change 'installed' for onboarding@mozilla.org
1509762865136	addons.xpi	DEBUG	Loading bootstrap scope from C:\Program Files (x86)\Mozilla Firefox\browser\features\onboarding@mozilla.org.xpi
1509762865139	addons.xpi	DEBUG	Calling bootstrap method install on onboarding@mozilla.org version 0.1
1509762865139	addons.xpi-utils	DEBUG	Make addon app-system-defaults:onboarding@mozilla.org visible
1509762865139	addons.xpi	DEBUG	Updating XPIState for {"id":"onboarding@mozilla.org","syncGUID":"{a087d902-8ace-465a-ae6a-b84e368f51d8}","location":"app-system-defaults","version":"0.1","type":"extension","internalName":null,"updateURL":null,"updateKey":null,"optionsURL":null,"optionsType":null,"aboutURL":null,"defaultLocale":{"name":"Photon onboarding","description":"Photon onboarding","creator":null,"homepageURL":null},"visible":true,"active":false,"userDisabled":false,"appDisabled":false,"installDate":1508552163922,"updateDate":1508552163922,"applyBackgroundUpdates":1,"bootstrap":true,"path":"C:\\Program Files (x86)\\Mozilla Firefox\\browser\\features\\onboarding@mozilla.org.xpi","skinnable":false,"size":426346,"sourceURI":null,"releaseNotesURI":null,"softDisabled":false,"foreignInstall":false,"hasBinaryComponents":false,"strictCompatibility":false,"locales":[],"targetApplications":[{"id":"{ec8030f7-c20a-464f-9b0e-13a3a9e97384}","minVersion":"56.0","maxVersion":"56.*"}],"targetPlatforms":[],"multiprocessCompatible":true,"seen":true,"dependencies":[],"hasEmbeddedWebExtension":false,"mpcOptedOut":false,"userPermissions":null,"icons":{},"iconURL":null,"icon64URL":null,"blocklistState":0,"blocklistURL":null}
1509762865140	DeferredSave.extensions.json	DEBUG	Save changes
1509762865140	addons.manager	DEBUG	Registering startup change 'installed' for screenshots@mozilla.org
1509762865140	addons.xpi	DEBUG	Loading bootstrap scope from C:\Program Files (x86)\Mozilla Firefox\browser\features\screenshots@mozilla.org.xpi
1509762865143	addons.xpi	DEBUG	Calling bootstrap method install on screenshots@mozilla.org version 10.12.0
1509762865143	addons.xpi-utils	DEBUG	Make addon app-system-defaults:screenshots@mozilla.org visible
1509762865143	addons.xpi	DEBUG	Updating XPIState for {"id":"screenshots@mozilla.org","syncGUID":"{18659684-e4cf-4b54-987d-01fe494c32b2}","location":"app-system-defaults","version":"10.12.0","type":"extension","internalName":null,"updateURL":null,"updateKey":null,"optionsURL":null,"optionsType":null,"aboutURL":null,"defaultLocale":{"name":"Firefox Screenshots","description":null,"creator":null,"homepageURL":"https://pageshot.net/"},"visible":true,"active":false,"userDisabled":false,"appDisabled":false,"installDate":1508552163904,"updateDate":1508552163904,"applyBackgroundUpdates":1,"bootstrap":true,"path":"C:\\Program Files (x86)\\Mozilla Firefox\\browser\\features\\screenshots@mozilla.org.xpi","skinnable":false,"size":714554,"sourceURI":null,"releaseNotesURI":null,"softDisabled":false,"foreignInstall":false,"hasBinaryComponents":false,"strictCompatibility":false,"locales":[],"targetApplications":[{"id":"{ec8030f7-c20a-464f-9b0e-13a3a9e97384}","minVersion":"51.0a1","maxVersion":"*"}],"targetPlatforms":[],"multiprocessCompatible":true,"seen":true,"dependencies":[],"hasEmbeddedWebExtension":false,"mpcOptedOut":false,"userPermissions":null,"icons":{},"iconURL":null,"icon64URL":null,"blocklistState":0,"blocklistURL":null}
1509762865144	DeferredSave.extensions.json	DEBUG	Save changes
1509762865144	addons.manager	DEBUG	Registering startup change 'installed' for shield-recipe-client@mozilla.org
1509762865144	addons.xpi	DEBUG	Loading bootstrap scope from C:\Program Files (x86)\Mozilla Firefox\browser\features\shield-recipe-client@mozilla.org.xpi
1509762865147	addons.xpi	DEBUG	Calling bootstrap method install on shield-recipe-client@mozilla.org version 65
1509762865148	addons.xpi-utils	DEBUG	Make addon app-system-defaults:shield-recipe-client@mozilla.org visible
1509762865148	addons.xpi	DEBUG	Updating XPIState for {"id":"shield-recipe-client@mozilla.org","syncGUID":"{5a3f17a4-8e23-4dd4-8adc-9b3035c04fb1}","location":"app-system-defaults","version":"65","type":"extension","internalName":null,"updateURL":null,"updateKey":null,"optionsURL":null,"optionsType":null,"aboutURL":null,"defaultLocale":{"name":"Shield Recipe Client","description":"Client to download and run recipes for SHIELD, Heartbeat, etc.","creator":null,"homepageURL":null},"visible":true,"active":false,"userDisabled":false,"appDisabled":false,"installDate":1508552163869,"updateDate":1508552163869,"applyBackgroundUpdates":1,"bootstrap":true,"path":"C:\\Program Files (x86)\\Mozilla Firefox\\browser\\features\\shield-recipe-client@mozilla.org.xpi","skinnable":false,"size":362688,"sourceURI":null,"releaseNotesURI":null,"softDisabled":false,"foreignInstall":false,"hasBinaryComponents":false,"strictCompatibility":false,"locales":[],"targetApplications":[{"id":"{ec8030f7-c20a-464f-9b0e-13a3a9e97384}","minVersion":"56.0","maxVersion":"56.*"}],"targetPlatforms":[],"multiprocessCompatible":true,"seen":true,"dependencies":[],"hasEmbeddedWebExtension":false,"mpcOptedOut":false,"userPermissions":null,"icons":{},"iconURL":null,"icon64URL":null,"blocklistState":0,"blocklistURL":null}
1509762865149	DeferredSave.extensions.json	DEBUG	Save changes
1509762865149	addons.manager	DEBUG	Registering startup change 'installed' for webcompat@mozilla.org
1509762865150	addons.xpi	DEBUG	Loading bootstrap scope from C:\Program Files (x86)\Mozilla Firefox\browser\features\webcompat@mozilla.org.xpi
1509762865153	addons.xpi	DEBUG	Calling bootstrap method install on webcompat@mozilla.org version 1.1
1509762865153	addons.xpi-utils	DEBUG	Make addon app-system-defaults:webcompat@mozilla.org visible
1509762865154	addons.xpi	DEBUG	Updating XPIState for {"id":"webcompat@mozilla.org","syncGUID":"{c8b1c5e3-430b-4b29-874c-ce743015ce60}","location":"app-system-defaults","version":"1.1","type":"extension","internalName":null,"updateURL":null,"updateKey":null,"optionsURL":null,"optionsType":null,"aboutURL":null,"defaultLocale":{"name":"Web Compat","description":"Urgent post-release fixes for web compatibility.","creator":null,"homepageURL":null},"visible":true,"active":false,"userDisabled":false,"appDisabled":false,"installDate":1508552163854,"updateDate":1508552163854,"applyBackgroundUpdates":1,"bootstrap":true,"path":"C:\\Program Files (x86)\\Mozilla Firefox\\browser\\features\\webcompat@mozilla.org.xpi","skinnable":false,"size":8990,"sourceURI":null,"releaseNotesURI":null,"softDisabled":false,"foreignInstall":false,"hasBinaryComponents":false,"strictCompatibility":false,"locales":[],"targetApplications":[{"id":"{ec8030f7-c20a-464f-9b0e-13a3a9e97384}","minVersion":"56.0","maxVersion":"56.*"}],"targetPlatforms":[],"multiprocessCompatible":true,"seen":true,"dependencies":[],"hasEmbeddedWebExtension":false,"mpcOptedOut":false,"userPermissions":null,"icons":{},"iconURL":null,"icon64URL":null,"blocklistState":0,"blocklistURL":null}
1509762865154	DeferredSave.extensions.json	DEBUG	Save changes
1509762865155	addons.xpi-utils	DEBUG	Make addon app-global:{972ce4c6-7e08-4474-a285-3208198ce6fd} visible
1509762865155	addons.xpi	DEBUG	Updating XPIState for {"id":"{972ce4c6-7e08-4474-a285-3208198ce6fd}","syncGUID":"{697dcf49-0dd2-4a94-ba19-3c9adf63b46f}","location":"app-global","version":"56.0","type":"theme","internalName":"classic/1.0","updateURL":null,"updateKey":null,"optionsURL":null,"optionsType":null,"optionsBrowserStyle":null,"aboutURL":null,"defaultLocale":{"name":"Default","description":"The default theme.","creator":"Mozilla","homepageURL":null,"contributors":["Mozilla Contributors"]},"visible":true,"active":false,"userDisabled":false,"appDisabled":false,"installDate":1508552164079,"updateDate":1508552164079,"applyBackgroundUpdates":1,"path":"C:\\Program Files (x86)\\Mozilla Firefox\\browser\\extensions\\{972ce4c6-7e08-4474-a285-3208198ce6fd}.xpi","skinnable":true,"size":7141,"sourceURI":null,"releaseNotesURI":null,"softDisabled":false,"foreignInstall":false,"hasBinaryComponents":false,"strictCompatibility":true,"locales":[],"targetApplications":[{"id":"{ec8030f7-c20a-464f-9b0e-13a3a9e97384}","minVersion":"56.0","maxVersion":"56.0"}],"targetPlatforms":[],"seen":true,"dependencies":[],"hasEmbeddedWebExtension":false,"userPermissions":null,"icons":{},"iconURL":"chrome://browser/content/default-theme-icon.svg","icon64URL":null,"blocklistState":0,"blocklistURL":null}
1509762865156	DeferredSave.extensions.json	DEBUG	Save changes
1509762865156	addons.xpi	DEBUG	Updating XPIState for {"id":"activity-stream@mozilla.org","syncGUID":"{3acb3adc-c0e7-4f12-ba03-1bad2938aea4}","location":"app-system-defaults","version":"0.0.0","type":"extension","internalName":null,"updateURL":null,"updateKey":null,"optionsURL":null,"optionsType":null,"aboutURL":null,"defaultLocale":{"name":"Activity Stream","description":"A rich visual history feed and a reimagined home page make it easier than ever to find exactly what you're looking for in Firefox.","creator":null,"homepageURL":null},"visible":true,"active":true,"userDisabled":false,"appDisabled":false,"installDate":1508552164078,"updateDate":1508552164078,"applyBackgroundUpdates":1,"bootstrap":true,"path":"C:\\Program Files (x86)\\Mozilla Firefox\\browser\\features\\activity-stream@mozilla.org.xpi","skinnable":false,"size":1280296,"sourceURI":null,"releaseNotesURI":null,"softDisabled":false,"foreignInstall":false,"hasBinaryComponents":false,"strictCompatibility":false,"locales":[],"targetApplications":[{"id":"{ec8030f7-c20a-464f-9b0e-13a3a9e97384}","minVersion":"56.0","maxVersion":"56.*"}],"targetPlatforms":[],"multiprocessCompatible":true,"seen":true,"dependencies":[],"hasEmbeddedWebExtension":false,"mpcOptedOut":false,"userPermissions":null,"icons":{},"iconURL":null,"icon64URL":null,"blocklistState":0,"blocklistURL":null}
1509762865156	addons.xpi	DEBUG	Updating XPIState for {"id":"aushelper@mozilla.org","syncGUID":"{8a9e2e39-2b82-43ad-b245-35a547c460b6}","location":"app-system-defaults","version":"2.0","type":"extension","internalName":null,"updateURL":null,"updateKey":null,"optionsURL":null,"optionsType":null,"aboutURL":null,"defaultLocale":{"name":"Application Update Service Helper","description":"Sets value(s) in the update url based on custom checks.","creator":null,"homepageURL":null},"visible":true,"active":true,"userDisabled":false,"appDisabled":false,"installDate":1508552164006,"updateDate":1508552164006,"applyBackgroundUpdates":1,"bootstrap":true,"path":"C:\\Program Files (x86)\\Mozilla Firefox\\browser\\features\\aushelper@mozilla.org.xpi","skinnable":false,"size":8486,"sourceURI":null,"releaseNotesURI":null,"softDisabled":false,"foreignInstall":false,"hasBinaryComponents":false,"strictCompatibility":false,"locales":[],"targetApplications":[{"id":"{ec8030f7-c20a-464f-9b0e-13a3a9e97384}","minVersion":"56.0","maxVersion":"56.*"}],"targetPlatforms":[],"multiprocessCompatible":true,"seen":true,"dependencies":[],"hasEmbeddedWebExtension":false,"mpcOptedOut":false,"userPermissions":null,"icons":{},"iconURL":null,"icon64URL":null,"blocklistState":0,"blocklistURL":null}
1509762865157	addons.xpi	DEBUG	Updating XPIState for {"id":"clicktoplay-rollout@mozilla.org","syncGUID":"{a4d21f70-1a79-4812-ac27-34c9fd0b05df}","location":"app-system-defaults","version":"1.4","type":"extension","internalName":null,"updateURL":null,"updateKey":null,"optionsURL":null,"optionsType":null,"aboutURL":null,"defaultLocale":{"name":"Click-to-Play staged rollout","description":"Staged rollout for Click-to-Play Flash.","creator":null,"homepageURL":null},"visible":true,"active":true,"userDisabled":false,"appDisabled":false,"installDate":1508552164005,"updateDate":1508552164005,"applyBackgroundUpdates":1,"bootstrap":true,"path":"C:\\Program Files (x86)\\Mozilla Firefox\\browser\\features\\clicktoplay-rollout@mozilla.org.xpi","skinnable":false,"size":5779,"sourceURI":null,"releaseNotesURI":null,"softDisabled":false,"foreignInstall":false,"hasBinaryComponents":false,"strictCompatibility":false,"locales":[],"targetApplications":[{"id":"{ec8030f7-c20a-464f-9b0e-13a3a9e97384}","minVersion":"56.0","maxVersion":"56.*"}],"targetPlatforms":[],"multiprocessCompatible":true,"seen":true,"dependencies":[],"hasEmbeddedWebExtension":false,"mpcOptedOut":false,"userPermissions":null,"icons":{},"iconURL":null,"icon64URL":null,"blocklistState":0,"blocklistURL":null}
1509762865157	addons.xpi	DEBUG	Updating XPIState for {"id":"e10srollout@mozilla.org","syncGUID":"{fe7f9bd7-785b-4936-8eba-9a8e7df8765a}","location":"app-system-defaults","version":"3.00","type":"extension","internalName":null,"updateURL":null,"updateKey":null,"optionsURL":null,"optionsType":null,"aboutURL":null,"defaultLocale":{"name":"Multi-process staged rollout","description":"Staged rollout of Firefox multi-process feature.","creator":null,"homepageURL":null},"visible":true,"active":true,"userDisabled":false,"appDisabled":false,"installDate":1508552164004,"updateDate":1508552164004,"applyBackgroundUpdates":1,"bootstrap":true,"path":"C:\\Program Files (x86)\\Mozilla Firefox\\browser\\features\\e10srollout@mozilla.org.xpi","skinnable":false,"size":13710,"sourceURI":null,"releaseNotesURI":null,"softDisabled":false,"foreignInstall":false,"hasBinaryComponents":false,"strictCompatibility":false,"locales":[],"targetApplications":[{"id":"{ec8030f7-c20a-464f-9b0e-13a3a9e97384}","minVersion":"56.0","maxVersion":"56.*"}],"targetPlatforms":[],"multiprocessCompatible":true,"seen":true,"dependencies":[],"hasEmbeddedWebExtension":false,"mpcOptedOut":false,"userPermissions":null,"icons":{},"iconURL":null,"icon64URL":null,"blocklistState":0,"blocklistURL":null}
1509762865157	addons.xpi	DEBUG	Updating XPIState for {"id":"firefox@getpocket.com","syncGUID":"{71946a6f-8fb5-4bb1-9fd6-34a1412dc6a4}","location":"app-system-defaults","version":"1.0.5","type":"extension","internalName":null,"updateURL":null,"updateKey":null,"optionsURL":null,"optionsType":null,"aboutURL":null,"defaultLocale":{"name":"Pocket","description":"When you find something you want to view later, put it in Pocket.","creator":null,"homepageURL":null},"visible":true,"active":true,"userDisabled":false,"appDisabled":false,"installDate":1508552164003,"updateDate":1508552164003,"applyBackgroundUpdates":1,"bootstrap":true,"path":"C:\\Program Files (x86)\\Mozilla Firefox\\browser\\features\\firefox@getpocket.com.xpi","skinnable":false,"size":1002093,"sourceURI":null,"releaseNotesURI":null,"softDisabled":false,"foreignInstall":false,"hasBinaryComponents":false,"strictCompatibility":false,"locales":[],"targetApplications":[{"id":"{ec8030f7-c20a-464f-9b0e-13a3a9e97384}","minVersion":"56.0","maxVersion":"56.*"}],"targetPlatforms":[],"multiprocessCompatible":true,"seen":true,"dependencies":[],"hasEmbeddedWebExtension":false,"mpcOptedOut":false,"userPermissions":null,"icons":{},"iconURL":null,"icon64URL":null,"blocklistState":0,"blocklistURL":null}
1509762865158	addons.xpi	DEBUG	Updating XPIState for {"id":"followonsearch@mozilla.com","syncGUID":"{f696ef7a-6934-4316-ba81-eca2fb342fe6}","location":"app-system-defaults","version":"0.9.3","type":"extension","internalName":null,"updateURL":null,"updateKey":null,"optionsURL":null,"optionsType":null,"aboutURL":null,"defaultLocale":{"name":"Follow-on Search Telemetry","description":null,"creator":null,"homepageURL":null},"visible":true,"active":true,"userDisabled":false,"appDisabled":false,"installDate":1508552163936,"updateDate":1508552163936,"applyBackgroundUpdates":1,"bootstrap":true,"path":"C:\\Program Files (x86)\\Mozilla Firefox\\browser\\features\\followonsearch@mozilla.com.xpi","skinnable":false,"size":16802,"sourceURI":null,"releaseNotesURI":null,"softDisabled":false,"foreignInstall":false,"hasBinaryComponents":false,"strictCompatibility":false,"locales":[],"targetApplications":[{"id":"{ec8030f7-c20a-464f-9b0e-13a3a9e97384}","minVersion":"52.0","maxVersion":"59.*"}],"targetPlatforms":[],"multiprocessCompatible":true,"seen":true,"dependencies":[],"hasEmbeddedWebExtension":false,"mpcOptedOut":false,"userPermissions":null,"icons":{},"iconURL":null,"icon64URL":null,"blocklistState":0,"blocklistURL":null}
1509762865158	addons.xpi	DEBUG	Updating XPIState for {"id":"formautofill@mozilla.org","syncGUID":"{73db3ba6-d944-46b9-849a-0b07fbf9b1cb}","location":"app-system-defaults","version":"1.0","type":"extension","internalName":null,"updateURL":null,"updateKey":null,"optionsURL":null,"optionsType":null,"aboutURL":null,"defaultLocale":{"name":"Form Autofill","description":"Autofill forms with saved profiles","creator":null,"homepageURL":null},"visible":true,"active":true,"userDisabled":false,"appDisabled":false,"installDate":1508552163935,"updateDate":1508552163935,"applyBackgroundUpdates":1,"bootstrap":true,"path":"C:\\Program Files (x86)\\Mozilla Firefox\\browser\\features\\formautofill@mozilla.org.xpi","skinnable":false,"size":335585,"sourceURI":null,"releaseNotesURI":null,"softDisabled":false,"foreignInstall":false,"hasBinaryComponents":false,"strictCompatibility":false,"locales":[],"targetApplications":[{"id":"{ec8030f7-c20a-464f-9b0e-13a3a9e97384}","minVersion":"56.0","maxVersion":"56.*"}],"targetPlatforms":[],"multiprocessCompatible":true,"seen":true,"dependencies":[],"hasEmbeddedWebExtension":false,"mpcOptedOut":false,"userPermissions":null,"icons":{},"iconURL":null,"icon64URL":null,"blocklistState":0,"blocklistURL":null}
1509762865158	addons.xpi	DEBUG	Updating XPIState for {"id":"onboarding@mozilla.org","syncGUID":"{a087d902-8ace-465a-ae6a-b84e368f51d8}","location":"app-system-defaults","version":"0.1","type":"extension","internalName":null,"updateURL":null,"updateKey":null,"optionsURL":null,"optionsType":null,"aboutURL":null,"defaultLocale":{"name":"Photon onboarding","description":"Photon onboarding","creator":null,"homepageURL":null},"visible":true,"active":true,"userDisabled":false,"appDisabled":false,"installDate":1508552163922,"updateDate":1508552163922,"applyBackgroundUpdates":1,"bootstrap":true,"path":"C:\\Program Files (x86)\\Mozilla Firefox\\browser\\features\\onboarding@mozilla.org.xpi","skinnable":false,"size":426346,"sourceURI":null,"releaseNotesURI":null,"softDisabled":false,"foreignInstall":false,"hasBinaryComponents":false,"strictCompatibility":false,"locales":[],"targetApplications":[{"id":"{ec8030f7-c20a-464f-9b0e-13a3a9e97384}","minVersion":"56.0","maxVersion":"56.*"}],"targetPlatforms":[],"multiprocessCompatible":true,"seen":true,"dependencies":[],"hasEmbeddedWebExtension":false,"mpcOptedOut":false,"userPermissions":null,"icons":{},"iconURL":null,"icon64URL":null,"blocklistState":0,"blocklistURL":null}
1509762865158	addons.xpi	DEBUG	Updating XPIState for {"id":"screenshots@mozilla.org","syncGUID":"{18659684-e4cf-4b54-987d-01fe494c32b2}","location":"app-system-defaults","version":"10.12.0","type":"extension","internalName":null,"updateURL":null,"updateKey":null,"optionsURL":null,"optionsType":null,"aboutURL":null,"defaultLocale":{"name":"Firefox Screenshots","description":null,"creator":null,"homepageURL":"https://pageshot.net/"},"visible":true,"active":true,"userDisabled":false,"appDisabled":false,"installDate":1508552163904,"updateDate":1508552163904,"applyBackgroundUpdates":1,"bootstrap":true,"path":"C:\\Program Files (x86)\\Mozilla Firefox\\browser\\features\\screenshots@mozilla.org.xpi","skinnable":false,"size":714554,"sourceURI":null,"releaseNotesURI":null,"softDisabled":false,"foreignInstall":false,"hasBinaryComponents":false,"strictCompatibility":false,"locales":[],"targetApplications":[{"id":"{ec8030f7-c20a-464f-9b0e-13a3a9e97384}","minVersion":"51.0a1","maxVersion":"*"}],"targetPlatforms":[],"multiprocessCompatible":true,"seen":true,"dependencies":[],"hasEmbeddedWebExtension":false,"mpcOptedOut":false,"userPermissions":null,"icons":{},"iconURL":null,"icon64URL":null,"blocklistState":0,"blocklistURL":null}
1509762865158	addons.xpi	DEBUG	Updating XPIState for {"id":"shield-recipe-client@mozilla.org","syncGUID":"{5a3f17a4-8e23-4dd4-8adc-9b3035c04fb1}","location":"app-system-defaults","version":"65","type":"extension","internalName":null,"updateURL":null,"updateKey":null,"optionsURL":null,"optionsType":null,"aboutURL":null,"defaultLocale":{"name":"Shield Recipe Client","description":"Client to download and run recipes for SHIELD, Heartbeat, etc.","creator":null,"homepageURL":null},"visible":true,"active":true,"userDisabled":false,"appDisabled":false,"installDate":1508552163869,"updateDate":1508552163869,"applyBackgroundUpdates":1,"bootstrap":true,"path":"C:\\Program Files (x86)\\Mozilla Firefox\\browser\\features\\shield-recipe-client@mozilla.org.xpi","skinnable":false,"size":362688,"sourceURI":null,"releaseNotesURI":null,"softDisabled":false,"foreignInstall":false,"hasBinaryComponents":false,"strictCompatibility":false,"locales":[],"targetApplications":[{"id":"{ec8030f7-c20a-464f-9b0e-13a3a9e97384}","minVersion":"56.0","maxVersion":"56.*"}],"targetPlatforms":[],"multiprocessCompatible":true,"seen":true,"dependencies":[],"hasEmbeddedWebExtension":false,"mpcOptedOut":false,"userPermissions":null,"icons":{},"iconURL":null,"icon64URL":null,"blocklistState":0,"blocklistURL":null}
1509762865158	addons.xpi	DEBUG	Updating XPIState for {"id":"webcompat@mozilla.org","syncGUID":"{c8b1c5e3-430b-4b29-874c-ce743015ce60}","location":"app-system-defaults","version":"1.1","type":"extension","internalName":null,"updateURL":null,"updateKey":null,"optionsURL":null,"optionsType":null,"aboutURL":null,"defaultLocale":{"name":"Web Compat","description":"Urgent post-release fixes for web compatibility.","creator":null,"homepageURL":null},"visible":true,"active":true,"userDisabled":false,"appDisabled":false,"installDate":1508552163854,"updateDate":1508552163854,"applyBackgroundUpdates":1,"bootstrap":true,"path":"C:\\Program Files (x86)\\Mozilla Firefox\\browser\\features\\webcompat@mozilla.org.xpi","skinnable":false,"size":8990,"sourceURI":null,"releaseNotesURI":null,"softDisabled":false,"foreignInstall":false,"hasBinaryComponents":false,"strictCompatibility":false,"locales":[],"targetApplications":[{"id":"{ec8030f7-c20a-464f-9b0e-13a3a9e97384}","minVersion":"56.0","maxVersion":"56.*"}],"targetPlatforms":[],"multiprocessCompatible":true,"seen":true,"dependencies":[],"hasEmbeddedWebExtension":false,"mpcOptedOut":false,"userPermissions":null,"icons":{},"iconURL":null,"icon64URL":null,"blocklistState":0,"blocklistURL":null}
1509762865159	addons.xpi	DEBUG	Updating XPIState for {"id":"{972ce4c6-7e08-4474-a285-3208198ce6fd}","syncGUID":"{697dcf49-0dd2-4a94-ba19-3c9adf63b46f}","location":"app-global","version":"56.0","type":"theme","internalName":"classic/1.0","updateURL":null,"updateKey":null,"optionsURL":null,"optionsType":null,"optionsBrowserStyle":null,"aboutURL":null,"defaultLocale":{"name":"Default","description":"The default theme.","creator":"Mozilla","homepageURL":null,"contributors":["Mozilla Contributors"]},"visible":true,"active":true,"userDisabled":false,"appDisabled":false,"installDate":1508552164079,"updateDate":1508552164079,"applyBackgroundUpdates":1,"path":"C:\\Program Files (x86)\\Mozilla Firefox\\browser\\extensions\\{972ce4c6-7e08-4474-a285-3208198ce6fd}.xpi","skinnable":true,"size":7141,"sourceURI":null,"releaseNotesURI":null,"softDisabled":false,"foreignInstall":false,"hasBinaryComponents":false,"strictCompatibility":true,"locales":[],"targetApplications":[{"id":"{ec8030f7-c20a-464f-9b0e-13a3a9e97384}","minVersion":"56.0","maxVersion":"56.0"}],"targetPlatforms":[],"seen":true,"dependencies":[],"hasEmbeddedWebExtension":false,"userPermissions":null,"icons":{},"iconURL":"chrome://browser/content/default-theme-icon.svg","icon64URL":null,"blocklistState":0,"blocklistURL":null}
1509762865159	DeferredSave.extensions.json	DEBUG	Save changes
1509762865159	addons.xpi	DEBUG	Updating database with changes to installed add-ons
1509762865159	addons.xpi-utils	DEBUG	Updating add-on states
1509762865166	addons.xpi	DEBUG	Registering manifest for C:\Program Files (x86)\Mozilla Firefox\browser\features\activity-stream@mozilla.org.xpi
1509762865166	addons.xpi	DEBUG	Calling bootstrap method startup on activity-stream@mozilla.org version 0.0.0
1509762865167	addons.xpi	DEBUG	Registering manifest for C:\Program Files (x86)\Mozilla Firefox\browser\features\aushelper@mozilla.org.xpi
1509762865168	addons.xpi	DEBUG	Calling bootstrap method startup on aushelper@mozilla.org version 2.0
1509762865169	addons.xpi	DEBUG	Registering manifest for C:\Program Files (x86)\Mozilla Firefox\browser\features\clicktoplay-rollout@mozilla.org.xpi
1509762865170	addons.xpi	DEBUG	Calling bootstrap method startup on clicktoplay-rollout@mozilla.org version 1.4
1509762865170	addons.xpi	DEBUG	Registering manifest for C:\Program Files (x86)\Mozilla Firefox\browser\features\e10srollout@mozilla.org.xpi
1509762865171	addons.xpi	DEBUG	Calling bootstrap method startup on e10srollout@mozilla.org version 3.00
1509762865171	addons.xpi	DEBUG	Registering manifest for C:\Program Files (x86)\Mozilla Firefox\browser\features\firefox@getpocket.com.xpi
1509762865171	addons.xpi	DEBUG	Calling bootstrap method startup on firefox@getpocket.com version 1.0.5
1509762865206	addons.xpi	DEBUG	Registering manifest for C:\Program Files (x86)\Mozilla Firefox\browser\features\followonsearch@mozilla.com.xpi
1509762865207	addons.xpi	DEBUG	Calling bootstrap method startup on followonsearch@mozilla.com version 0.9.3
1509762865207	addons.xpi	DEBUG	Registering manifest for C:\Program Files (x86)\Mozilla Firefox\browser\features\formautofill@mozilla.org.xpi
1509762865207	addons.xpi	DEBUG	Calling bootstrap method startup on formautofill@mozilla.org version 1.0
1509762865208	addons.xpi	DEBUG	Registering manifest for C:\Program Files (x86)\Mozilla Firefox\browser\features\onboarding@mozilla.org.xpi
1509762865208	addons.xpi	DEBUG	Calling bootstrap method startup on onboarding@mozilla.org version 0.1
1509762865208	addons.xpi	DEBUG	Registering manifest for C:\Program Files (x86)\Mozilla Firefox\browser\features\screenshots@mozilla.org.xpi
1509762865209	addons.xpi	DEBUG	Calling bootstrap method startup on screenshots@mozilla.org version 10.12.0
1509762865210	addons.xpi	DEBUG	Registering manifest for C:\Program Files (x86)\Mozilla Firefox\browser\features\shield-recipe-client@mozilla.org.xpi
1509762865210	addons.xpi	DEBUG	Calling bootstrap method startup on shield-recipe-client@mozilla.org version 65
1509762865220	addons.xpi	DEBUG	Registering manifest for C:\Program Files (x86)\Mozilla Firefox\browser\features\webcompat@mozilla.org.xpi
1509762865221	addons.xpi	DEBUG	Calling bootstrap method startup on webcompat@mozilla.org version 1.1
1509762865231	addons.manager	DEBUG	Registering shutdown blocker for XPIProvider
1509762865231	addons.manager	DEBUG	Provider finished startup: XPIProvider
1509762865231	addons.manager	DEBUG	Starting provider: LightweightThemeManager
1509762865231	addons.manager	DEBUG	Registering shutdown blocker for LightweightThemeManager
1509762865232	addons.manager	DEBUG	Provider finished startup: LightweightThemeManager
1509762865232	addons.manager	DEBUG	Starting provider: GMPProvider
1509762865241	addons.manager	DEBUG	Registering shutdown blocker for GMPProvider
1509762865241	addons.manager	DEBUG	Provider finished startup: GMPProvider
1509762865242	addons.manager	DEBUG	Starting provider: PluginProvider
1509762865242	addons.manager	DEBUG	Registering shutdown blocker for PluginProvider
1509762865242	addons.manager	DEBUG	Provider finished startup: PluginProvider
1509762865242	addons.manager	DEBUG	Completed startup sequence
1509762865399	Marionette	INFO	Enabled via --marionette
1509762865544	addons.manager	DEBUG	Starting provider: PreviousExperimentProvider
1509762865545	addons.manager	DEBUG	Registering shutdown blocker for PreviousExperimentProvider
1509762865545	addons.manager	DEBUG	Provider finished startup: PreviousExperimentProvider
1509762865546	DeferredSave.extensions.json	DEBUG	Starting write
1509762865899	DeferredSave.webext.sc.lz4	DEBUG	Save changes
1509762865899	DeferredSave.webext.sc.lz4	DEBUG	Starting timer
1509762865923	DeferredSave.webext.sc.lz4	DEBUG	Save changes
1509762865924	DeferredSave.webext.sc.lz4	DEBUG	Save changes
1509762865926	DeferredSave.webext.sc.lz4	DEBUG	Save changes
1509762865927	DeferredSave.webext.sc.lz4	DEBUG	Save changes
1509762865929	DeferredSave.webext.sc.lz4	DEBUG	Save changes
1509762865933	DeferredSave.webext.sc.lz4	DEBUG	Save changes
1509762865935	DeferredSave.webext.sc.lz4	DEBUG	Save changes
1509762865936	DeferredSave.webext.sc.lz4	DEBUG	Save changes
1509762865938	DeferredSave.webext.sc.lz4	DEBUG	Save changes
1509762865940	DeferredSave.webext.sc.lz4	DEBUG	Save changes
1509762865941	DeferredSave.webext.sc.lz4	DEBUG	Save changes
1509762865942	DeferredSave.webext.sc.lz4	DEBUG	Save changes
1509762865943	DeferredSave.webext.sc.lz4	DEBUG	Save changes
1509762865944	DeferredSave.webext.sc.lz4	DEBUG	Save changes
1509762865945	DeferredSave.webext.sc.lz4	DEBUG	Save changes
1509762865945	DeferredSave.webext.sc.lz4	DEBUG	Save changes
1509762865946	DeferredSave.webext.sc.lz4	DEBUG	Save changes
1509762865947	DeferredSave.webext.sc.lz4	DEBUG	Save changes
1509762865948	DeferredSave.webext.sc.lz4	DEBUG	Save changes
1509762865948	DeferredSave.webext.sc.lz4	DEBUG	Save changes
1509762865952	DeferredSave.webext.sc.lz4	DEBUG	Save changes
1509762865954	DeferredSave.webext.sc.lz4	DEBUG	Save changes
1509762865955	DeferredSave.webext.sc.lz4	DEBUG	Save changes
1509762865956	DeferredSave.webext.sc.lz4	DEBUG	Save changes
1509762865956	DeferredSave.webext.sc.lz4	DEBUG	Save changes
1509762865956	DeferredSave.webext.sc.lz4	DEBUG	Save changes
1509762865957	DeferredSave.webext.sc.lz4	DEBUG	Save changes
1509762865958	DeferredSave.webext.sc.lz4	DEBUG	Save changes
1509762865960	DeferredSave.webext.sc.lz4	DEBUG	Save changes
1509762865960	DeferredSave.webext.sc.lz4	DEBUG	Save changes
1509762865961	DeferredSave.webext.sc.lz4	DEBUG	Save changes
1509762865961	DeferredSave.webext.sc.lz4	DEBUG	Save changes
1509762865962	DeferredSave.webext.sc.lz4	DEBUG	Save changes
1509762865963	DeferredSave.webext.sc.lz4	DEBUG	Save changes
1509762865964	DeferredSave.webext.sc.lz4	DEBUG	Save changes
1509762865964	DeferredSave.webext.sc.lz4	DEBUG	Save changes
1509762865965	DeferredSave.webext.sc.lz4	DEBUG	Save changes
1509762865966	DeferredSave.webext.sc.lz4	DEBUG	Save changes
1509762865968	DeferredSave.webext.sc.lz4	DEBUG	Save changes
1509762865970	DeferredSave.webext.sc.lz4	DEBUG	Save changes
1509762865971	DeferredSave.webext.sc.lz4	DEBUG	Save changes
1509762865972	DeferredSave.webext.sc.lz4	DEBUG	Save changes
1509762865973	DeferredSave.webext.sc.lz4	DEBUG	Save changes
1509762865974	DeferredSave.webext.sc.lz4	DEBUG	Save changes
1509762865976	DeferredSave.webext.sc.lz4	DEBUG	Save changes
1509762865977	DeferredSave.webext.sc.lz4	DEBUG	Save changes
1509762865978	DeferredSave.webext.sc.lz4	DEBUG	Save changes
1509762865982	DeferredSave.webext.sc.lz4	DEBUG	Save changes
1509762865985	DeferredSave.extensions.json	DEBUG	Write succeeded
1509762865985	addons.xpi-utils	DEBUG	XPI Database saved, setting schema version preference to 22
1509762865991	DeferredSave.webext.sc.lz4	DEBUG	Save changes
1509762865993	DeferredSave.webext.sc.lz4	DEBUG	Save changes
1509762866036	DeferredSave.webext.sc.lz4	DEBUG	Save changes
1509762866293	DeferredSave.webext.sc.lz4	DEBUG	Save changes
[Parent 9128] WARNING: pipe error: 109: file z:/build/build/src/ipc/chromium/src/chrome/common/ipc_channel_win.cc, line 346
[Child 7912] WARNING: pipe error: 109: file z:/build/build/src/ipc/chromium/src/chrome/common/ipc_channel_win.cc, line 346
[Child 7912] WARNING: pipe error: 109: file z:/build/build/src/ipc/chromium/src/chrome/common/ipc_channel_win.cc, line 346
1509762866905	addons.manager	DEBUG	Starting provider: <unnamed-provider>
1509762866905	addons.manager	DEBUG	Registering shutdown blocker for <unnamed-provider>
1509762866905	addons.manager	DEBUG	Provider finished startup: <unnamed-provider>
1509762866907	addons.xpi	INFO	Mapping activity-stream@mozilla.org to C:\Program Files (x86)\Mozilla Firefox\browser\features\activity-stream@mozilla.org.xpi
1509762866907	addons.xpi	INFO	Mapping aushelper@mozilla.org to C:\Program Files (x86)\Mozilla Firefox\browser\features\aushelper@mozilla.org.xpi
1509762866907	addons.xpi	INFO	Mapping clicktoplay-rollout@mozilla.org to C:\Program Files (x86)\Mozilla Firefox\browser\features\clicktoplay-rollout@mozilla.org.xpi
1509762866907	addons.xpi	INFO	Mapping e10srollout@mozilla.org to C:\Program Files (x86)\Mozilla Firefox\browser\features\e10srollout@mozilla.org.xpi
1509762866907	addons.xpi	INFO	Mapping firefox@getpocket.com to C:\Program Files (x86)\Mozilla Firefox\browser\features\firefox@getpocket.com.xpi
1509762866908	addons.xpi	INFO	Mapping followonsearch@mozilla.com to C:\Program Files (x86)\Mozilla Firefox\browser\features\followonsearch@mozilla.com.xpi
1509762866908	addons.xpi	INFO	Mapping formautofill@mozilla.org to C:\Program Files (x86)\Mozilla Firefox\browser\features\formautofill@mozilla.org.xpi
1509762866908	addons.xpi	INFO	Mapping onboarding@mozilla.org to C:\Program Files (x86)\Mozilla Firefox\browser\features\onboarding@mozilla.org.xpi
1509762866908	addons.xpi	INFO	Mapping screenshots@mozilla.org to C:\Program Files (x86)\Mozilla Firefox\browser\features\screenshots@mozilla.org.xpi
1509762866908	addons.xpi	INFO	Mapping shield-recipe-client@mozilla.org to C:\Program Files (x86)\Mozilla Firefox\browser\features\shield-recipe-client@mozilla.org.xpi
1509762866908	addons.xpi	INFO	Mapping webcompat@mozilla.org to C:\Program Files (x86)\Mozilla Firefox\browser\features\webcompat@mozilla.org.xpi
1509762866909	addons.xpi	DEBUG	Existing add-on activity-stream@mozilla.org in app-system-defaults
1509762866909	addons.xpi	DEBUG	Existing add-on aushelper@mozilla.org in app-system-defaults
1509762866910	addons.xpi	DEBUG	Existing add-on clicktoplay-rollout@mozilla.org in app-system-defaults
1509762866910	addons.xpi	DEBUG	Existing add-on e10srollout@mozilla.org in app-system-defaults
1509762866910	addons.xpi	DEBUG	Existing add-on firefox@getpocket.com in app-system-defaults
1509762866911	addons.xpi	DEBUG	Existing add-on followonsearch@mozilla.com in app-system-defaults
1509762866911	addons.xpi	DEBUG	Existing add-on formautofill@mozilla.org in app-system-defaults
1509762866911	addons.xpi	DEBUG	Existing add-on onboarding@mozilla.org in app-system-defaults
1509762866912	addons.xpi	DEBUG	Existing add-on screenshots@mozilla.org in app-system-defaults
1509762866912	addons.xpi	DEBUG	Existing add-on shield-recipe-client@mozilla.org in app-system-defaults
1509762866913	addons.xpi	DEBUG	Existing add-on webcompat@mozilla.org in app-system-defaults
1509762866913	addons.xpi	INFO	Mapping {972ce4c6-7e08-4474-a285-3208198ce6fd} to C:\Program Files (x86)\Mozilla Firefox\browser\extensions\{972ce4c6-7e08-4474-a285-3208198ce6fd}.xpi
1509762866914	addons.xpi	DEBUG	Existing add-on {972ce4c6-7e08-4474-a285-3208198ce6fd} in app-global
1509762866914	addons.xpi	DEBUG	getInstallState changed: false, state: {}
1509762866930	addons.productaddons	INFO	sending request to: https://aus5.mozilla.org/update/3/GMP/56.0/20170926190823/WINNT_x86-msvc-x64/zh-CN/release-cck-mozillaonline/Windows_NT%206.1.1.0%20(x64)/MozillaOnline/2017.5/update.xml
1509762867031	Marionette	INFO	Listening on port 3009
1509762867814	Marionette	WARN	TLS certificate errors will be ignored for this session
1509762867855	addons.productaddons	INFO	Completed downloading document
1509762867868	Marionette	DEBUG	Register listener.js for window 4294967297
1509762867918	Marionette	DEBUG	Received DOM event "beforeunload" for "about:blank"
1509762868050	Marionette	DEBUG	Received DOM event "pagehide" for "about:blank"
1509762868051	Marionette	DEBUG	Received DOM event "unload" for "about:blank"
1509762868058	Marionette	DEBUG	Received DOM event "pageshow" for "http://localhost/ranzhi/www/sys/index.php"
1509762868065	Marionette	DEBUG	Received DOM event "DOMContentLoaded" for "http://localhost/ranzhi/www/sys/index.php"
1509762868402	Marionette	DEBUG	Received DOM event "DOMContentLoaded" for "http://localhost/ranzhi/www/sys/user-login-L3JhbnpoaS93d3cvc3lzLw==.html"
1509762868405	Marionette	DEBUG	Received DOM event "pageshow" for "http://localhost/ranzhi/www/sys/user-login-L3JhbnpoaS93d3cvc3lzLw==.html"
1509762868764	Marionette	DEBUG	Received DOM event "beforeunload" for "http://localhost/ranzhi/www/sys/user-login-L3JhbnpoaS93d3cvc3lzLw==.html"
1509762868923	Marionette	DEBUG	Received DOM event "pagehide" for "http://localhost/ranzhi/www/sys/user-login-L3JhbnpoaS93d3cvc3lzLw==.html"
1509762868926	Marionette	DEBUG	Received DOM event "unload" for "http://localhost/ranzhi/www/sys/user-login-L3JhbnpoaS93d3cvc3lzLw==.html"
1509762869292	Marionette	DEBUG	Received DOM event "DOMContentLoaded" for "http://localhost/ranzhi/www/sys/index.html"
1509762869466	Marionette	DEBUG	Received DOM event "pageshow" for "http://localhost/ranzhi/www/sys/index.html"
1509762869542	addons.productaddons	INFO	downloadXHR File do1509763092597	addons.xpi	DEBUG	Calling bootstrap method shutdown on webcompat@mozilla.org version 1.1
1509763092598	addons.xpi	DEBUG	Calling bootstrap method shutdown on shield-recipe-client@mozilla.org version 65
1509763092598	addons.xpi	DEBUG	Calling bootstrap method shutdown on screenshots@mozilla.org version 10.12.0
150IPDL protocol error: Handler returned error code!

###!!! [Parent][DispatchAsyncMessage] Error: PLayerTransaction::Msg_ReleaseLayer Processing error: message was deserialized, but the handler returned false (indicating failur1509763092664	addons.xpi	DEBUG	Calling bootstrap method shutdown on webcompat@mozilla.org version 1.1
1509763092665	addons.xpi	DEBUG	Calling bootstrap method shutdown on shield-recipe-client@mozilla.org version 65
1509763092666	addons.xpi	DEBUG	Calling bootstrap method shutdown on screenshots@mozilla.org version 10.12.0
1509763092674	addons.xpi	DEBUG	Calling bootstrap method shutdown on onboarding@mozilla.org version 0.1
1509763092675	addons.xpi	DEBUG	Calling bootstrap method shutdown on formautofill@mozilla.org version 1.0
1509763092675	addons.xpi	DEBUG	Calling bootstrap method shutdown on followonsearch@mozilla.co[Parent 4916] WARNING: pipe error: 109: file z:/build/build/src/ipc/chromium/src/chrome/common/ipc_channel_win.cc, line 346
[Child 916] WARNING: pipe error: 109: file z:/build/build/src/ipc/chromium/src/chrome/common/ipc_channel_win.cc, line 346
[Child 916] WARNING: pipe error: 109: file z:/build/build/src/ipc/chromium/src/chrome/common/ipc_channel_win.cc, line 346
[Child 1264] WARNING: pipe error: 109: file z:/build/build/src/ipc/chromium/src/chrome/common/ipc_channel_win.cc, line 346
1509763092948	addons.manager	DEBUG	shutdown
1509763092948	a[Parent 1732] WARNING: pipe error: 109: file z:/build/build/src/ipc/chromium/src/chrome/common/ipc_channel_win.cc, line 346
[Child 6216] WARNING: pipe error: 109: file z:/build/build/src/ipc/chromium/src/chrome/common/ipc_channel_win.cc, line 346
[Child 6216] WARNING: pipe error: 109: file z:/build/build/src/ipc/chromium/src/chrome/common/ipc_channel_win.cc, line 346
[Child 5768] WARNING: 1509763093092	addons.manager	DEBUG	shutdown
1509763093094	addons.manager	DEBUG	Calling shutdown blocker for XPIProvider
1509763093095	addons.xpi	DEBUG	shutdown
1509763093095	addons.xpi-utils	DEBUG	s1509763093126	addons.mana1509763093127	addons.manager	DEBUG	shutdown
1509763093128	addons.manager	DEBUG	Calling shutdown blocker for XPIProvider
1509763093128	addons.xpi	DEBUG	shutdown
1509763093128	addons.xpi-utils	DEBUG	shutdown
1509763093129	1509763093171	addons.manager	DEBUG	shutdown
1509763093172	addons.manager	DEBUG	Calling shutdown blocker for XPIProvider
1509763093172	addons.xpi	DEBUG	shutdown
1509763091509763093179	addons.manager	DEBUG	shutdown
1509763093180	addons.manager	DEBUG	Calling shutdown blocker for XPIProvider
1509763093180	addons.xpi	DEBUG	shutdown
1509763093180	addons.xpi-utils	DEBUG	shutdown
1509763093180	addons.manager	DEBUG	Calling shutdown blocker for LightweightThemeManager
1509763093181	addons.manager	DEBUG	Calling shutdown blocker for GMPProvider
1509763093182	addons.manager	DEBUG	Calling shutdown blocker for PluginProvider
15091509763093188	addons.manager	DEBUG	Async provider shutdown done
ousExperimentProvider
1509763093183	addons.manager	DEBUG	Calling shutdown blocker for <unnamed-provider>
1509763093202	addons.manager	DEBUG	Async provider shutdown done
09763092736	addons.xpi	DEBUG	Calling bootstrap method shutdown on activity-stream@mozilla.org version 0.0.0
[Parent 7008] WARNING: pipe error: 109: file z:/build/build/src/ipc/chromium/src/chrome/common/ipc_channel_win.cc, line 346
[Child 5564] WARNING: pipe error: 109: file z:/build/build/src/ipc/chromium/src/chrome/common/ipc_channel_win.cc, line 346
[Child 5564] WARNING: pipe error: 109: file z:/build/build/src/ipc/chromium/src/chrome/common/ipc_channel_win.cc, line 346
1509763093140	addons.manager	DEBUG	shutdown
1509763093141	addons.manager	DEBUG	Calling shutdown blocker for XPIProvider
1509763093141	addons.xpi	DEBUG	shutdown
1509763093141	addons.xpi-utils	DEBUG	shutdown
1509763093141	addons.manager	DEBUG	Calling shutdown blocker for LightweightThemeManager
1509763093141	addons.manager	DEBUG	Calling shutdown blocker for GMPProvider
1509763093142	addons.manager	DEBUG	Calling shutdown blocker for PluginProvider
1509763093143	addons.manager	DEBUG	Calling shutdown blocker for PreviousExperimentProvider
1509763093143	addons.manager	DEBUG	Calling shutdown blocker for <unnamed-provider>
1509763093156	addons.manager	DEBUG	Async provider shutdown done
or <unnamed-provider>
1509271736475	addons.manager	DEBUG	Async provider shutdown done
